#
# A fatal error has been detected by the Java Runtime Environment:
#
#  EXCEPTION_ACCESS_VIOLATION (0xc0000005) at pc=0x00007ff8f0cf85c9, pid=13568, tid=15460
#
# JRE version: OpenJDK Runtime Environment Corretto-11.0.14.10.1 (11.0.14.1+10) (build 11.0.14.1+10-LTS)
# Java VM: OpenJDK 64-Bit Server VM Corretto-11.0.14.10.1 (11.0.14.1+10-LTS, mixed mode, tiered, compressed oops, g1 gc, windows-amd64)
# Problematic frame:
# V  [jvm.dll+0x2485c9]
#
# No core dump will be written. Minidumps are not enabled by default on client versions of Windows
#
# If you would like to submit a bug report, please visit:
#   https://github.com/corretto/corretto-11/issues/
#

---------------  S U M M A R Y ------------

Command Line: -agentlib:jdwp=transport=dt_socket,suspend=y,address=localhost:55558 -javaagent:C:\Users\minak\eclipse\jee-2022-03\eclipse\configuration\org.eclipse.osgi\422\0\.cp\lib\javaagent-shaded.jar -Dfile.encoding=UTF-8 com.coderscampus.HotStonePOS.HotStonePosApplication

Host: Intel(R) Core(TM) i7-6500U CPU @ 2.50GHz, 4 cores, 7G,  Windows 10 , 64 bit Build 19041 (10.0.19041.2251)
Time: Mon Dec 12 21:20:14 2022 Eastern Standard Time elapsed time: 784.448413 seconds (0d 0h 13m 4s)

---------------  T H R E A D  ---------------

Current thread (0x000001b9d251d800):  VMThread "VM Thread" [stack: 0x0000001f40700000,0x0000001f40800000] [id=15460]

Stack: [0x0000001f40700000,0x0000001f40800000],  sp=0x0000001f407fe8f8,  free space=1018k
Native frames: (J=compiled Java code, j=interpreted, Vv=VM code, C=native code)
V  [jvm.dll+0x2485c9]


siginfo: EXCEPTION_ACCESS_VIOLATION (0xc0000005), reading address 0x000001b9df5acd00


Register to memory mapping:

RIP=0x00007ff8f0cf85c9 jvm.dll
RAX=0x0000000000194120 is an unknown value
RBX=0x000001b9df4183d8 is pointing into metadata
RCX=0x000001b9df418be0 is pointing into metadata
RDX=0x000000000000ca08 is an unknown value
RSP=0x0000001f407fe8f8 points into unknown readable memory: 0x00007ff8f0cf864e | 4e 86 cf f0 f8 7f 00 00
RBP=0x0000001f407feeb0 points into unknown readable memory: 0x000001b9d24d7c38 | 38 7c 4d d2 b9 01 00 00
RSI=0x0000001f407ff020 points into unknown readable memory: 0x00007ff8f13acd48 | 48 cd 3a f1 f8 7f 00 00
RDI=0x0000001f407ff020 points into unknown readable memory: 0x00007ff8f13acd48 | 48 cd 3a f1 f8 7f 00 00
R8 =0x0 is NULL
R9 =0x000001b9df4183d8 is pointing into metadata
R10=0x00007ff8f0ab0000 jvm.dll
R11={method} {0x000001b9df416dd0} 'postPizza' '(Lcom/coderscampus/HotStonePOS/domain/Pizza;Ljava/util/ArrayList;Ljava/util/ArrayList;)Ljava/lang/String;' in 'com/coderscampus/HotStonePOS/web/orderController'
R12=0x000001b9d24d7910 points into unknown readable memory: 0x00000000f13aa600 | 00 a6 3a f1 00 00 00 00
R13=0x0 is NULL
R14=0x000001b9df416d25 is pointing into metadata
R15=0x0000000000000061 is an unknown value


Registers:
RAX=0x0000000000194120, RBX=0x000001b9df4183d8, RCX=0x000001b9df418be0, RDX=0x000000000000ca08
RSP=0x0000001f407fe8f8, RBP=0x0000001f407feeb0, RSI=0x0000001f407ff020, RDI=0x0000001f407ff020
R8 =0x0000000000000000, R9 =0x000001b9df4183d8, R10=0x00007ff8f0ab0000, R11=0x000001b9df416dc8
R12=0x000001b9d24d7910, R13=0x0000000000000000, R14=0x000001b9df416d25, R15=0x0000000000000061
RIP=0x00007ff8f0cf85c9, EFLAGS=0x0000000000010202

Top of Stack: (sp=0x0000001f407fe8f8)
0x0000001f407fe8f8:   00007ff8f0cf864e 000001b9b1d70000
0x0000001f407fe908:   00007ff8f11a1afb 0000000000000003
0x0000001f407fe918:   00007ff8f109ec45 0000000000000000
0x0000001f407fe928:   00007ff8f0ddd8c0 0000000000000000
0x0000001f407fe938:   0000001f407ff020 0000001f407fe9b0
0x0000001f407fe948:   00007ff8f0cf864e 00007ff8f0ab0000
0x0000001f407fe958:   ffffffffffffffff 00007ff8f136d750
0x0000001f407fe968:   000001b9d4fe5f20 000000000000002d
0x0000001f407fe978:   00007ff80000000c 0000001f407fe9a0
0x0000001f407fe988:   0000001f00000002 000000004600002a
0x0000001f407fe998:   000001b9d24d79f8 4fffffff4fffffff
0x0000001f407fe9a8:   4fffffff4fffffff 00007ff84fffffff
0x0000001f407fe9b8:   000001b9d24014c8 0000000000000002
0x0000001f407fe9c8:   000001b90000000c 0000001f407fe9f0
0x0000001f407fe9d8:   00007ff928c62437 000000004600005d
0x0000001f407fe9e8:   000001b900000000 4fffffff4fffffff 

Instructions: (pc=0x00007ff8f0cf85c9)
0x00007ff8f0cf84c9:   03 03 03 03 03 03 03 03 03 03 03 03 03 03 03 03
0x00007ff8f0cf84d9:   03 03 03 03 03 03 03 03 03 03 03 03 03 03 03 03
0x00007ff8f0cf84e9:   03 03 03 03 03 03 03 03 03 03 03 03 03 03 03 03
0x00007ff8f0cf84f9:   03 03 03 03 03 03 03 03 03 03 03 03 03 03 03 03
0x00007ff8f0cf8509:   03 03 02 03 03 02 cc 48 89 5c 24 08 48 89 74 24
0x00007ff8f0cf8519:   10 57 48 83 ec 20 48 63 da 41 0f b6 f0 48 8b f9
0x00007ff8f0cf8529:   85 d2 79 24 4c 8d 0d bc 12 66 00 ba 92 02 00 00
0x00007ff8f0cf8539:   4c 8d 05 e8 12 66 00 48 8d 0d 61 12 66 00 e8 a4
0x00007ff8f0cf8549:   71 00 00 e8 8f e2 3c 00 40 84 f6 75 18 48 8b 4f
0x00007ff8f0cf8559:   10 48 85 c9 74 0f 48 8d 43 01 48 c1 e0 05 48 8b
0x00007ff8f0cf8569:   04 08 0f b7 d8 48 8b 74 24 38 48 63 c3 48 8b 5c
0x00007ff8f0cf8579:   24 30 0f b7 44 c7 40 48 83 c4 20 5f c3 cc cc cc
0x00007ff8f0cf8589:   cc cc cc cc cc cc cc 4c 8b c9 45 84 c0 75 42 48
0x00007ff8f0cf8599:   8b 49 10 48 85 c9 74 39 85 d2 79 1a f7 d2 48 63
0x00007ff8f0cf85a9:   c2 48 ff c0 48 c1 e0 05 48 8b 04 08 0f b7 c8 41
0x00007ff8f0cf85b9:   0f b7 44 c9 42 c3 48 63 c2 48 ff c0 48 c1 e0 05
0x00007ff8f0cf85c9:   48 8b 04 08 0f b7 d0 48 63 c2 41 0f b7 44 c1 42
0x00007ff8f0cf85d9:   c3 49 8b 41 08 48 63 ca 0f b6 44 01 04 3c 12 74
0x00007ff8f0cf85e9:   ce 49 8b 41 08 0f b6 44 01 04 3c 11 74 c1 49 8b
0x00007ff8f0cf85f9:   41 08 0f b6 44 01 04 3c 6a 74 b4 48 63 c2 41 0f
0x00007ff8f0cf8609:   b7 44 c1 42 c3 cc cc 40 53 48 83 ec 20 48 8b d9
0x00007ff8f0cf8619:   e8 72 ff ff ff 48 63 d0 0f b7 44 d3 40 48 8b 44
0x00007ff8f0cf8629:   c3 40 48 83 c4 20 5b c3 cc cc cc cc cc cc cc cc
0x00007ff8f0cf8639:   cc cc cc cc cc cc cc 40 53 48 83 ec 20 48 8b d9
0x00007ff8f0cf8649:   e8 42 ff ff ff 48 63 d0 0f b7 44 d3 42 48 8b 44
0x00007ff8f0cf8659:   c3 40 48 83 c4 20 5b c3 cc cc cc cc cc cc cc cc
0x00007ff8f0cf8669:   cc cc cc cc cc cc cc 4c 8b d1 45 84 c9 75 23 4c
0x00007ff8f0cf8679:   8b 49 10 4d 85 c9 74 1a 45 85 c0 79 03 41 f7 d0
0x00007ff8f0cf8689:   49 63 c0 48 ff c0 48 c1 e0 05 4a 8b 04 08 44 0f
0x00007ff8f0cf8699:   b7 c0 49 8b 42 08 49 63 c8 0f b6 4c 08 04 48 8b
0x00007ff8f0cf86a9:   c2 88 0a c3 cc cc cc 40 56 57 41 54 41 56 41 57
0x00007ff8f0cf86b9:   48 83 ec 20 45 8b 30 49 8b f0 49 63 f9 4c 8b e2 


Stack slot to memory mapping:
stack at sp + 0 slots: 0x00007ff8f0cf864e jvm.dll
stack at sp + 1 slots: 0x000001b9b1d70000 points into unknown readable memory: 0x0000000000000000 | 00 00 00 00 00 00 00 00
stack at sp + 2 slots: 0x00007ff8f11a1afb jvm.dll
stack at sp + 3 slots: 0x0000000000000003 is an unknown value
stack at sp + 4 slots: 0x00007ff8f109ec45 jvm.dll
stack at sp + 5 slots: 0x0 is NULL
stack at sp + 6 slots: 0x00007ff8f0ddd8c0 jvm.dll
stack at sp + 7 slots: 0x0 is NULL

VM_Operation (0x0000001f412ff6e0): GetOrSetLocal, mode: safepoint, requested by thread 0x000001b9d31a9800


---------------  P R O C E S S  ---------------

Threads class SMR info:
_java_thread_list=0x000001b9d8cdc8e0, length=30, elements={
0x000001b9d2541800, 0x000001b9d254a800, 0x000001b9d2ec2800, 0x000001b9d2557800,
0x000001b9d2565800, 0x000001b9d256c800, 0x000001b9d256f800, 0x000001b9d2573000,
0x000001b9d24d8000, 0x000001b9d31a9800, 0x000001b9d32f7000, 0x000001b9d31c7000,
0x000001b9da04e800, 0x000001b9d9387800, 0x000001b9d9175800, 0x000001b9d9266000,
0x000001b9d94da000, 0x000001b9d66b4000, 0x000001b9db8b0000, 0x000001b9dbdd7800,
0x000001b9d8c98000, 0x000001b9da736000, 0x000001b9da735800, 0x000001b9da732000,
0x000001b9da731800, 0x000001b9da730800, 0x000001b9da733000, 0x000001b9da733800,
0x000001b9da734800, 0x000001b9da737000
}

Java Threads: ( => current thread )
  0x000001b9d2541800 JavaThread "Reference Handler" daemon [_thread_blocked, id=16760, stack(0x0000001f40800000,0x0000001f40900000)]
  0x000001b9d254a800 JavaThread "Finalizer" daemon [_thread_blocked, id=10940, stack(0x0000001f40900000,0x0000001f40a00000)]
  0x000001b9d2ec2800 JavaThread "Signal Dispatcher" daemon [_thread_blocked, id=1756, stack(0x0000001f40a00000,0x0000001f40b00000)]
  0x000001b9d2557800 JavaThread "Attach Listener" daemon [_thread_blocked, id=16664, stack(0x0000001f40b00000,0x0000001f40c00000)]
  0x000001b9d2565800 JavaThread "Service Thread" daemon [_thread_blocked, id=13600, stack(0x0000001f40c00000,0x0000001f40d00000)]
  0x000001b9d256c800 JavaThread "C2 CompilerThread0" daemon [_thread_blocked, id=4552, stack(0x0000001f40d00000,0x0000001f40e00000)]
  0x000001b9d256f800 JavaThread "C1 CompilerThread0" daemon [_thread_blocked, id=15292, stack(0x0000001f40e00000,0x0000001f40f00000)]
  0x000001b9d2573000 JavaThread "Sweeper thread" daemon [_thread_blocked, id=7480, stack(0x0000001f40f00000,0x0000001f41000000)]
  0x000001b9d24d8000 JavaThread "Common-Cleaner" daemon [_thread_blocked, id=14512, stack(0x0000001f41000000,0x0000001f41100000)]
  0x000001b9d31a9800 JavaThread "JDWP Transport Listener: dt_socket" daemon [_thread_blocked, id=6652, stack(0x0000001f41200000,0x0000001f41300000)] _threads_hazard_ptr=0x000001b9d8cdc8e0
  0x000001b9d32f7000 JavaThread "JDWP Event Helper Thread" daemon [_thread_blocked, id=3564, stack(0x0000001f41300000,0x0000001f41400000)]
  0x000001b9d31c7000 JavaThread "JDWP Command Reader" daemon [_thread_in_native, id=15576, stack(0x0000001f41400000,0x0000001f41500000)]
  0x000001b9da04e800 JavaThread "Catalina-utility-1" [_thread_blocked, id=17404, stack(0x0000001f41900000,0x0000001f41a00000)]
  0x000001b9d9387800 JavaThread "Catalina-utility-2" [_thread_blocked, id=15464, stack(0x0000001f41b00000,0x0000001f41c00000)]
  0x000001b9d9175800 JavaThread "container-0" [_thread_blocked, id=16964, stack(0x0000001f41c00000,0x0000001f41d00000)]
  0x000001b9d9266000 JavaThread "mysql-cj-abandoned-connection-cleanup" daemon [_thread_blocked, id=10844, stack(0x0000001f41d00000,0x0000001f41e00000)]
  0x000001b9d94da000 JavaThread "HikariPool-1 housekeeper" daemon [_thread_blocked, id=11308, stack(0x0000001f41f00000,0x0000001f42000000)]
  0x000001b9d66b4000 JavaThread "http-nio-8080-exec-1" daemon [_thread_blocked, id=16172, stack(0x0000001f42100000,0x0000001f42200000)]
  0x000001b9db8b0000 JavaThread "http-nio-8080-exec-2" daemon [_thread_blocked, id=8720, stack(0x0000001f42200000,0x0000001f42300000)]
  0x000001b9dbdd7800 JavaThread "http-nio-8080-exec-3" daemon [_thread_blocked, id=248, stack(0x0000001f42300000,0x0000001f42400000)]
  0x000001b9d8c98000 JavaThread "http-nio-8080-exec-4" daemon [_thread_blocked, id=772, stack(0x0000001f42400000,0x0000001f42500000)]
  0x000001b9da736000 JavaThread "http-nio-8080-exec-5" daemon [_thread_blocked, id=8460, stack(0x0000001f42500000,0x0000001f42600000)]
  0x000001b9da735800 JavaThread "http-nio-8080-exec-6" daemon [_thread_blocked, id=1168, stack(0x0000001f42600000,0x0000001f42700000)]
  0x000001b9da732000 JavaThread "http-nio-8080-exec-7" daemon [_thread_blocked, id=7304, stack(0x0000001f42700000,0x0000001f42800000)]
  0x000001b9da731800 JavaThread "http-nio-8080-exec-8" daemon [_thread_blocked, id=2476, stack(0x0000001f42800000,0x0000001f42900000)]
  0x000001b9da730800 JavaThread "http-nio-8080-exec-9" daemon [_thread_blocked, id=15260, stack(0x0000001f42900000,0x0000001f42a00000)]
  0x000001b9da733000 JavaThread "http-nio-8080-exec-10" daemon [_thread_blocked, id=4460, stack(0x0000001f42a00000,0x0000001f42b00000)]
  0x000001b9da733800 JavaThread "http-nio-8080-Poller" daemon [_thread_in_native, id=15964, stack(0x0000001f42b00000,0x0000001f42c00000)]
  0x000001b9da734800 JavaThread "http-nio-8080-Acceptor" daemon [_thread_in_native, id=9932, stack(0x0000001f42c00000,0x0000001f42d00000)]
  0x000001b9da737000 JavaThread "DestroyJavaVM" [_thread_blocked, id=2004, stack(0x0000001f40100000,0x0000001f40200000)]

Other Threads:
=>0x000001b9d251d800 VMThread "VM Thread" [stack: 0x0000001f40700000,0x0000001f40800000] [id=15460]
  0x000001b9d35c3800 WatcherThread [stack: 0x0000001f41600000,0x0000001f41700000] [id=10100]
  0x000001b9b3e4e000 GCTaskThread "GC Thread#0" [stack: 0x0000001f40200000,0x0000001f40300000] [id=8616]
  0x000001b9d36d9800 GCTaskThread "GC Thread#1" [stack: 0x0000001f41700000,0x0000001f41800000] [id=1384]
  0x000001b9d3690000 GCTaskThread "GC Thread#2" [stack: 0x0000001f41800000,0x0000001f41900000] [id=7644]
  0x000001b9d71f5000 GCTaskThread "GC Thread#3" [stack: 0x0000001f41a00000,0x0000001f41b00000] [id=8388]
  0x000001b9b3e80000 ConcurrentGCThread "G1 Main Marker" [stack: 0x0000001f40300000,0x0000001f40400000] [id=1840]
  0x000001b9b3e82000 ConcurrentGCThread "G1 Conc#0" [stack: 0x0000001f40400000,0x0000001f40500000] [id=9912]
  0x000001b9d2390800 ConcurrentGCThread "G1 Refine#0" [stack: 0x0000001f40500000,0x0000001f40600000] [id=5168]
  0x000001b9d2391000 ConcurrentGCThread "G1 Young RemSet Sampling" [stack: 0x0000001f40600000,0x0000001f40700000] [id=13524]

Threads with active compile tasks:

VM state:at safepoint (normal execution)

VM Mutex/Monitor currently owned by a thread:  ([mutex/lock_event])
[0x000001b9b3e32270] Threads_lock - owner thread: 0x000001b9d251d800

Heap address: 0x0000000082200000, size: 2014 MB, Compressed Oops mode: 32-bit
Narrow klass base: 0x0000000000000000, Narrow klass shift: 3
Compressed class space size: 1073741824 Address: 0x0000000100000000

Heap:
 garbage-first heap   total 225280K, used 44021K [0x0000000082200000, 0x0000000100000000)
  region size 1024K, 24 young (24576K), 13 survivors (13312K)
 Metaspace       used 81477K, capacity 83576K, committed 83792K, reserved 1122304K
  class space    used 9889K, capacity 10701K, committed 10752K, reserved 1048576K
Heap Regions: E=young(eden), S=young(survivor), O=old, HS=humongous(starts), HC=humongous(continues), CS=collection set, F=free, A=archive, TAMS=top-at-mark-start (previous, next)
|   0|0x0000000082200000, 0x0000000082300000, 0x0000000082300000|100%|HS|  |TAMS 0x0000000082300000, 0x0000000082200000| Complete 
|   1|0x0000000082300000, 0x0000000082400000, 0x0000000082400000|100%| O|  |TAMS 0x0000000082400000, 0x0000000082300000| Untracked 
|   2|0x0000000082400000, 0x0000000082500000, 0x0000000082500000|100%| O|  |TAMS 0x0000000082500000, 0x0000000082400000| Untracked 
|   3|0x0000000082500000, 0x0000000082600000, 0x0000000082600000|100%| O|  |TAMS 0x0000000082600000, 0x0000000082500000| Untracked 
|   4|0x0000000082600000, 0x0000000082700000, 0x0000000082700000|100%| O|  |TAMS 0x0000000082700000, 0x0000000082600000| Untracked 
|   5|0x0000000082700000, 0x0000000082800000, 0x0000000082800000|100%| O|  |TAMS 0x0000000082800000, 0x0000000082700000| Untracked 
|   6|0x0000000082800000, 0x0000000082900000, 0x0000000082900000|100%| O|  |TAMS 0x0000000082900000, 0x0000000082800000| Untracked 
|   7|0x0000000082900000, 0x0000000082a00000, 0x0000000082a00000|100%| O|  |TAMS 0x0000000082a00000, 0x0000000082900000| Untracked 
|   8|0x0000000082a00000, 0x0000000082b00000, 0x0000000082b00000|100%| O|  |TAMS 0x0000000082b00000, 0x0000000082a00000| Untracked 
|   9|0x0000000082b00000, 0x0000000082c00000, 0x0000000082c00000|100%| O|  |TAMS 0x0000000082c00000, 0x0000000082b00000| Untracked 
|  10|0x0000000082c00000, 0x0000000082d00000, 0x0000000082d00000|100%| O|  |TAMS 0x0000000082d00000, 0x0000000082c00000| Untracked 
|  11|0x0000000082d00000, 0x0000000082e00000, 0x0000000082e00000|100%| O|  |TAMS 0x0000000082e00000, 0x0000000082d00000| Untracked 
|  12|0x0000000082e00000, 0x0000000082f00000, 0x0000000082f00000|100%| O|  |TAMS 0x0000000082f00000, 0x0000000082e00000| Untracked 
|  13|0x0000000082f00000, 0x0000000083000000, 0x0000000083000000|100%| O|  |TAMS 0x0000000082f91000, 0x0000000082f00000| Untracked 
|  14|0x0000000083000000, 0x0000000083100000, 0x0000000083100000|100%| O|  |TAMS 0x0000000083000000, 0x0000000083000000| Untracked 
|  15|0x0000000083100000, 0x0000000083200000, 0x0000000083200000|100%| O|  |TAMS 0x0000000083100000, 0x0000000083100000| Untracked 
|  16|0x0000000083200000, 0x0000000083300000, 0x0000000083300000|100%| O|  |TAMS 0x0000000083200000, 0x0000000083200000| Untracked 
|  17|0x0000000083300000, 0x0000000083400000, 0x0000000083400000|100%| O|  |TAMS 0x0000000083300000, 0x0000000083300000| Untracked 
|  18|0x0000000083400000, 0x0000000083500000, 0x0000000083500000|100%| O|  |TAMS 0x0000000083400000, 0x0000000083400000| Untracked 
|  19|0x0000000083500000, 0x0000000083600000, 0x0000000083600000|100%| O|  |TAMS 0x0000000083500000, 0x0000000083500000| Untracked 
|  20|0x0000000083600000, 0x0000000083680400, 0x0000000083700000| 50%| O|  |TAMS 0x0000000083600000, 0x0000000083600000| Untracked 
|  21|0x0000000083700000, 0x0000000083700000, 0x0000000083800000|  0%| F|  |TAMS 0x0000000083700000, 0x0000000083700000| Untracked 
|  22|0x0000000083800000, 0x0000000083800000, 0x0000000083900000|  0%| F|  |TAMS 0x0000000083800000, 0x0000000083800000| Untracked 
|  23|0x0000000083900000, 0x0000000083900000, 0x0000000083a00000|  0%| F|  |TAMS 0x0000000083900000, 0x0000000083900000| Untracked 
|  24|0x0000000083a00000, 0x0000000083a00000, 0x0000000083b00000|  0%| F|  |TAMS 0x0000000083a00000, 0x0000000083a00000| Untracked 
|  25|0x0000000083b00000, 0x0000000083b00000, 0x0000000083c00000|  0%| F|  |TAMS 0x0000000083b00000, 0x0000000083b00000| Untracked 
|  26|0x0000000083c00000, 0x0000000083c00000, 0x0000000083d00000|  0%| F|  |TAMS 0x0000000083c00000, 0x0000000083c00000| Untracked 
|  27|0x0000000083d00000, 0x0000000083d00000, 0x0000000083e00000|  0%| F|  |TAMS 0x0000000083d00000, 0x0000000083d00000| Untracked 
|  28|0x0000000083e00000, 0x0000000083e00000, 0x0000000083f00000|  0%| F|  |TAMS 0x0000000083e00000, 0x0000000083e00000| Untracked 
|  29|0x0000000083f00000, 0x0000000083f00000, 0x0000000084000000|  0%| F|  |TAMS 0x0000000083f00000, 0x0000000083f00000| Untracked 
|  30|0x0000000084000000, 0x0000000084000000, 0x0000000084100000|  0%| F|  |TAMS 0x0000000084000000, 0x0000000084000000| Untracked 
|  31|0x0000000084100000, 0x0000000084100000, 0x0000000084200000|  0%| F|  |TAMS 0x0000000084100000, 0x0000000084100000| Untracked 
|  32|0x0000000084200000, 0x0000000084200000, 0x0000000084300000|  0%| F|  |TAMS 0x0000000084200000, 0x0000000084200000| Untracked 
|  33|0x0000000084300000, 0x0000000084300000, 0x0000000084400000|  0%| F|  |TAMS 0x0000000084300000, 0x0000000084300000| Untracked 
|  34|0x0000000084400000, 0x0000000084400000, 0x0000000084500000|  0%| F|  |TAMS 0x0000000084400000, 0x0000000084400000| Untracked 
|  35|0x0000000084500000, 0x0000000084500000, 0x0000000084600000|  0%| F|  |TAMS 0x0000000084500000, 0x0000000084500000| Untracked 
|  36|0x0000000084600000, 0x0000000084600000, 0x0000000084700000|  0%| F|  |TAMS 0x0000000084600000, 0x0000000084600000| Untracked 
|  37|0x0000000084700000, 0x0000000084700000, 0x0000000084800000|  0%| F|  |TAMS 0x0000000084700000, 0x0000000084700000| Untracked 
|  38|0x0000000084800000, 0x0000000084800000, 0x0000000084900000|  0%| F|  |TAMS 0x0000000084800000, 0x0000000084800000| Untracked 
|  39|0x0000000084900000, 0x0000000084900000, 0x0000000084a00000|  0%| F|  |TAMS 0x0000000084900000, 0x0000000084900000| Untracked 
|  40|0x0000000084a00000, 0x0000000084a00000, 0x0000000084b00000|  0%| F|  |TAMS 0x0000000084a00000, 0x0000000084a00000| Untracked 
|  41|0x0000000084b00000, 0x0000000084b00000, 0x0000000084c00000|  0%| F|  |TAMS 0x0000000084b00000, 0x0000000084b00000| Untracked 
|  42|0x0000000084c00000, 0x0000000084c00000, 0x0000000084d00000|  0%| F|  |TAMS 0x0000000084c00000, 0x0000000084c00000| Untracked 
|  43|0x0000000084d00000, 0x0000000084d00000, 0x0000000084e00000|  0%| F|  |TAMS 0x0000000084d00000, 0x0000000084d00000| Untracked 
|  44|0x0000000084e00000, 0x0000000084e00000, 0x0000000084f00000|  0%| F|  |TAMS 0x0000000084e00000, 0x0000000084e00000| Untracked 
|  45|0x0000000084f00000, 0x0000000084f00000, 0x0000000085000000|  0%| F|  |TAMS 0x0000000084f00000, 0x0000000084f00000| Untracked 
|  46|0x0000000085000000, 0x0000000085000000, 0x0000000085100000|  0%| F|  |TAMS 0x0000000085000000, 0x0000000085000000| Untracked 
|  47|0x0000000085100000, 0x0000000085100000, 0x0000000085200000|  0%| F|  |TAMS 0x0000000085100000, 0x0000000085100000| Untracked 
|  48|0x0000000085200000, 0x0000000085200000, 0x0000000085300000|  0%| F|  |TAMS 0x0000000085200000, 0x0000000085200000| Untracked 
|  49|0x0000000085300000, 0x0000000085300000, 0x0000000085400000|  0%| F|  |TAMS 0x0000000085300000, 0x0000000085300000| Untracked 
|  50|0x0000000085400000, 0x0000000085400000, 0x0000000085500000|  0%| F|  |TAMS 0x0000000085400000, 0x0000000085400000| Untracked 
|  51|0x0000000085500000, 0x0000000085500000, 0x0000000085600000|  0%| F|  |TAMS 0x0000000085500000, 0x0000000085500000| Untracked 
|  52|0x0000000085600000, 0x0000000085600000, 0x0000000085700000|  0%| F|  |TAMS 0x0000000085600000, 0x0000000085600000| Untracked 
|  53|0x0000000085700000, 0x0000000085700000, 0x0000000085800000|  0%| F|  |TAMS 0x0000000085700000, 0x0000000085700000| Untracked 
|  54|0x0000000085800000, 0x0000000085800000, 0x0000000085900000|  0%| F|  |TAMS 0x0000000085800000, 0x0000000085800000| Untracked 
|  55|0x0000000085900000, 0x0000000085900000, 0x0000000085a00000|  0%| F|  |TAMS 0x0000000085900000, 0x0000000085900000| Untracked 
|  56|0x0000000085a00000, 0x0000000085a00000, 0x0000000085b00000|  0%| F|  |TAMS 0x0000000085a00000, 0x0000000085a00000| Untracked 
|  57|0x0000000085b00000, 0x0000000085b00000, 0x0000000085c00000|  0%| F|  |TAMS 0x0000000085b00000, 0x0000000085b00000| Untracked 
|  58|0x0000000085c00000, 0x0000000085c00000, 0x0000000085d00000|  0%| F|  |TAMS 0x0000000085c00000, 0x0000000085c00000| Untracked 
|  59|0x0000000085d00000, 0x0000000085d00000, 0x0000000085e00000|  0%| F|  |TAMS 0x0000000085d00000, 0x0000000085d00000| Untracked 
|  60|0x0000000085e00000, 0x0000000085e00000, 0x0000000085f00000|  0%| F|  |TAMS 0x0000000085e00000, 0x0000000085e00000| Untracked 
|  61|0x0000000085f00000, 0x0000000085f00000, 0x0000000086000000|  0%| F|  |TAMS 0x0000000085f00000, 0x0000000085f00000| Untracked 
|  62|0x0000000086000000, 0x0000000086000000, 0x0000000086100000|  0%| F|  |TAMS 0x0000000086000000, 0x0000000086000000| Untracked 
|  63|0x0000000086100000, 0x0000000086100000, 0x0000000086200000|  0%| F|  |TAMS 0x0000000086100000, 0x0000000086100000| Untracked 
|  64|0x0000000086200000, 0x0000000086200000, 0x0000000086300000|  0%| F|  |TAMS 0x0000000086200000, 0x0000000086200000| Untracked 
|  65|0x0000000086300000, 0x0000000086300000, 0x0000000086400000|  0%| F|  |TAMS 0x0000000086300000, 0x0000000086300000| Untracked 
|  66|0x0000000086400000, 0x0000000086400000, 0x0000000086500000|  0%| F|  |TAMS 0x0000000086400000, 0x0000000086400000| Untracked 
|  67|0x0000000086500000, 0x0000000086500000, 0x0000000086600000|  0%| F|  |TAMS 0x0000000086500000, 0x0000000086500000| Untracked 
|  68|0x0000000086600000, 0x0000000086600000, 0x0000000086700000|  0%| F|  |TAMS 0x0000000086600000, 0x0000000086600000| Untracked 
|  69|0x0000000086700000, 0x0000000086700000, 0x0000000086800000|  0%| F|  |TAMS 0x0000000086700000, 0x0000000086700000| Untracked 
|  70|0x0000000086800000, 0x0000000086800000, 0x0000000086900000|  0%| F|  |TAMS 0x0000000086800000, 0x0000000086800000| Untracked 
|  71|0x0000000086900000, 0x0000000086900000, 0x0000000086a00000|  0%| F|  |TAMS 0x0000000086900000, 0x0000000086900000| Untracked 
|  72|0x0000000086a00000, 0x0000000086a00000, 0x0000000086b00000|  0%| F|  |TAMS 0x0000000086a00000, 0x0000000086a00000| Untracked 
|  73|0x0000000086b00000, 0x0000000086b00000, 0x0000000086c00000|  0%| F|  |TAMS 0x0000000086b00000, 0x0000000086b00000| Untracked 
|  74|0x0000000086c00000, 0x0000000086c00000, 0x0000000086d00000|  0%| F|  |TAMS 0x0000000086c00000, 0x0000000086c00000| Untracked 
|  75|0x0000000086d00000, 0x0000000086d7d128, 0x0000000086e00000| 48%| S|CS|TAMS 0x0000000086d00000, 0x0000000086d00000| Complete 
|  76|0x0000000086e00000, 0x0000000086f00000, 0x0000000086f00000|100%| S|CS|TAMS 0x0000000086e00000, 0x0000000086e00000| Complete 
|  77|0x0000000086f00000, 0x0000000087000000, 0x0000000087000000|100%| S|CS|TAMS 0x0000000086f00000, 0x0000000086f00000| Complete 
|  78|0x0000000087000000, 0x0000000087100000, 0x0000000087100000|100%| S|CS|TAMS 0x0000000087000000, 0x0000000087000000| Complete 
|  79|0x0000000087100000, 0x0000000087200000, 0x0000000087200000|100%| S|CS|TAMS 0x0000000087100000, 0x0000000087100000| Complete 
|  80|0x0000000087200000, 0x0000000087300000, 0x0000000087300000|100%| S|CS|TAMS 0x0000000087200000, 0x0000000087200000| Complete 
|  81|0x0000000087300000, 0x0000000087400000, 0x0000000087400000|100%| S|CS|TAMS 0x0000000087300000, 0x0000000087300000| Complete 
|  82|0x0000000087400000, 0x0000000087500000, 0x0000000087500000|100%| S|CS|TAMS 0x0000000087400000, 0x0000000087400000| Complete 
|  83|0x0000000087500000, 0x0000000087600000, 0x0000000087600000|100%| S|CS|TAMS 0x0000000087500000, 0x0000000087500000| Complete 
|  84|0x0000000087600000, 0x0000000087700000, 0x0000000087700000|100%| S|CS|TAMS 0x0000000087600000, 0x0000000087600000| Complete 
|  85|0x0000000087700000, 0x0000000087800000, 0x0000000087800000|100%| S|CS|TAMS 0x0000000087700000, 0x0000000087700000| Complete 
|  86|0x0000000087800000, 0x0000000087900000, 0x0000000087900000|100%| S|CS|TAMS 0x0000000087800000, 0x0000000087800000| Complete 
|  87|0x0000000087900000, 0x0000000087a00000, 0x0000000087a00000|100%| S|CS|TAMS 0x0000000087900000, 0x0000000087900000| Complete 
|  88|0x0000000087a00000, 0x0000000087a00000, 0x0000000087b00000|  0%| F|  |TAMS 0x0000000087a00000, 0x0000000087a00000| Untracked 
|  89|0x0000000087b00000, 0x0000000087b00000, 0x0000000087c00000|  0%| F|  |TAMS 0x0000000087b00000, 0x0000000087b00000| Untracked 
|  90|0x0000000087c00000, 0x0000000087c00000, 0x0000000087d00000|  0%| F|  |TAMS 0x0000000087c00000, 0x0000000087c00000| Untracked 
|  91|0x0000000087d00000, 0x0000000087d00000, 0x0000000087e00000|  0%| F|  |TAMS 0x0000000087d00000, 0x0000000087d00000| Untracked 
|  92|0x0000000087e00000, 0x0000000087e00000, 0x0000000087f00000|  0%| F|  |TAMS 0x0000000087e00000, 0x0000000087e00000| Untracked 
|  93|0x0000000087f00000, 0x0000000087f00000, 0x0000000088000000|  0%| F|  |TAMS 0x0000000087f00000, 0x0000000087f00000| Untracked 
|  94|0x0000000088000000, 0x0000000088000000, 0x0000000088100000|  0%| F|  |TAMS 0x0000000088000000, 0x0000000088000000| Untracked 
|  95|0x0000000088100000, 0x0000000088100000, 0x0000000088200000|  0%| F|  |TAMS 0x0000000088100000, 0x0000000088100000| Untracked 
|  96|0x0000000088200000, 0x0000000088200000, 0x0000000088300000|  0%| F|  |TAMS 0x0000000088200000, 0x0000000088200000| Untracked 
|  97|0x0000000088300000, 0x0000000088300000, 0x0000000088400000|  0%| F|  |TAMS 0x0000000088300000, 0x0000000088300000| Untracked 
|  98|0x0000000088400000, 0x0000000088400000, 0x0000000088500000|  0%| F|  |TAMS 0x0000000088400000, 0x0000000088400000| Untracked 
|  99|0x0000000088500000, 0x0000000088500000, 0x0000000088600000|  0%| F|  |TAMS 0x0000000088500000, 0x0000000088500000| Untracked 
| 100|0x0000000088600000, 0x0000000088600000, 0x0000000088700000|  0%| F|  |TAMS 0x0000000088600000, 0x0000000088600000| Untracked 
| 101|0x0000000088700000, 0x0000000088700000, 0x0000000088800000|  0%| F|  |TAMS 0x0000000088700000, 0x0000000088700000| Untracked 
| 102|0x0000000088800000, 0x0000000088800000, 0x0000000088900000|  0%| F|  |TAMS 0x0000000088800000, 0x0000000088800000| Untracked 
| 103|0x0000000088900000, 0x0000000088900000, 0x0000000088a00000|  0%| F|  |TAMS 0x0000000088900000, 0x0000000088900000| Untracked 
| 104|0x0000000088a00000, 0x0000000088a00000, 0x0000000088b00000|  0%| F|  |TAMS 0x0000000088a00000, 0x0000000088a00000| Untracked 
| 105|0x0000000088b00000, 0x0000000088b00000, 0x0000000088c00000|  0%| F|  |TAMS 0x0000000088b00000, 0x0000000088b00000| Untracked 
| 106|0x0000000088c00000, 0x0000000088c00000, 0x0000000088d00000|  0%| F|  |TAMS 0x0000000088c00000, 0x0000000088c00000| Untracked 
| 107|0x0000000088d00000, 0x0000000088d00000, 0x0000000088e00000|  0%| F|  |TAMS 0x0000000088d00000, 0x0000000088d00000| Untracked 
| 108|0x0000000088e00000, 0x0000000088e00000, 0x0000000088f00000|  0%| F|  |TAMS 0x0000000088e00000, 0x0000000088e00000| Untracked 
| 109|0x0000000088f00000, 0x0000000088f00000, 0x0000000089000000|  0%| F|  |TAMS 0x0000000088f00000, 0x0000000088f00000| Untracked 
| 110|0x0000000089000000, 0x0000000089000000, 0x0000000089100000|  0%| F|  |TAMS 0x0000000089000000, 0x0000000089000000| Untracked 
| 111|0x0000000089100000, 0x0000000089100000, 0x0000000089200000|  0%| F|  |TAMS 0x0000000089100000, 0x0000000089100000| Untracked 
| 112|0x0000000089200000, 0x0000000089200000, 0x0000000089300000|  0%| F|  |TAMS 0x0000000089200000, 0x0000000089200000| Untracked 
| 113|0x0000000089300000, 0x0000000089300000, 0x0000000089400000|  0%| F|  |TAMS 0x0000000089300000, 0x0000000089300000| Untracked 
| 114|0x0000000089400000, 0x0000000089400000, 0x0000000089500000|  0%| F|  |TAMS 0x0000000089400000, 0x0000000089400000| Untracked 
| 115|0x0000000089500000, 0x0000000089500000, 0x0000000089600000|  0%| F|  |TAMS 0x0000000089500000, 0x0000000089500000| Untracked 
| 116|0x0000000089600000, 0x0000000089600000, 0x0000000089700000|  0%| F|  |TAMS 0x0000000089600000, 0x0000000089600000| Untracked 
| 117|0x0000000089700000, 0x0000000089700000, 0x0000000089800000|  0%| F|  |TAMS 0x0000000089700000, 0x0000000089700000| Untracked 
| 118|0x0000000089800000, 0x0000000089800000, 0x0000000089900000|  0%| F|  |TAMS 0x0000000089800000, 0x0000000089800000| Untracked 
| 119|0x0000000089900000, 0x0000000089900000, 0x0000000089a00000|  0%| F|  |TAMS 0x0000000089900000, 0x0000000089900000| Untracked 
| 120|0x0000000089a00000, 0x0000000089a00000, 0x0000000089b00000|  0%| F|  |TAMS 0x0000000089a00000, 0x0000000089a00000| Untracked 
| 121|0x0000000089b00000, 0x0000000089b00000, 0x0000000089c00000|  0%| F|  |TAMS 0x0000000089b00000, 0x0000000089b00000| Untracked 
| 122|0x0000000089c00000, 0x0000000089c00000, 0x0000000089d00000|  0%| F|  |TAMS 0x0000000089c00000, 0x0000000089c00000| Untracked 
| 123|0x0000000089d00000, 0x0000000089d00000, 0x0000000089e00000|  0%| F|  |TAMS 0x0000000089d00000, 0x0000000089d00000| Untracked 
| 124|0x0000000089e00000, 0x0000000089e00000, 0x0000000089f00000|  0%| F|  |TAMS 0x0000000089e00000, 0x0000000089e00000| Untracked 
| 125|0x0000000089f00000, 0x0000000089f00000, 0x000000008a000000|  0%| F|  |TAMS 0x0000000089f00000, 0x0000000089f00000| Untracked 
| 126|0x000000008a000000, 0x000000008a000000, 0x000000008a100000|  0%| F|  |TAMS 0x000000008a000000, 0x000000008a000000| Untracked 
| 127|0x000000008a100000, 0x000000008a100000, 0x000000008a200000|  0%| F|  |TAMS 0x000000008a100000, 0x000000008a100000| Untracked 
| 128|0x000000008a200000, 0x000000008a200000, 0x000000008a300000|  0%| F|  |TAMS 0x000000008a200000, 0x000000008a200000| Untracked 
| 129|0x000000008a300000, 0x000000008a300000, 0x000000008a400000|  0%| F|  |TAMS 0x000000008a300000, 0x000000008a300000| Untracked 
| 130|0x000000008a400000, 0x000000008a400000, 0x000000008a500000|  0%| F|  |TAMS 0x000000008a400000, 0x000000008a400000| Untracked 
| 131|0x000000008a500000, 0x000000008a500000, 0x000000008a600000|  0%| F|  |TAMS 0x000000008a500000, 0x000000008a500000| Untracked 
| 132|0x000000008a600000, 0x000000008a600000, 0x000000008a700000|  0%| F|  |TAMS 0x000000008a600000, 0x000000008a600000| Untracked 
| 133|0x000000008a700000, 0x000000008a700000, 0x000000008a800000|  0%| F|  |TAMS 0x000000008a700000, 0x000000008a700000| Untracked 
| 134|0x000000008a800000, 0x000000008a800000, 0x000000008a900000|  0%| F|  |TAMS 0x000000008a800000, 0x000000008a800000| Untracked 
| 135|0x000000008a900000, 0x000000008a900000, 0x000000008aa00000|  0%| F|  |TAMS 0x000000008a900000, 0x000000008a900000| Untracked 
| 136|0x000000008aa00000, 0x000000008aa00000, 0x000000008ab00000|  0%| F|  |TAMS 0x000000008aa00000, 0x000000008aa00000| Untracked 
| 137|0x000000008ab00000, 0x000000008ab00000, 0x000000008ac00000|  0%| F|  |TAMS 0x000000008ab00000, 0x000000008ab00000| Untracked 
| 138|0x000000008ac00000, 0x000000008ac00000, 0x000000008ad00000|  0%| F|  |TAMS 0x000000008ac00000, 0x000000008ac00000| Untracked 
| 139|0x000000008ad00000, 0x000000008ad00000, 0x000000008ae00000|  0%| F|  |TAMS 0x000000008ad00000, 0x000000008ad00000| Untracked 
| 140|0x000000008ae00000, 0x000000008ae00000, 0x000000008af00000|  0%| F|  |TAMS 0x000000008ae00000, 0x000000008ae00000| Untracked 
| 141|0x000000008af00000, 0x000000008af00000, 0x000000008b000000|  0%| F|  |TAMS 0x000000008af00000, 0x000000008af00000| Untracked 
| 142|0x000000008b000000, 0x000000008b000000, 0x000000008b100000|  0%| F|  |TAMS 0x000000008b000000, 0x000000008b000000| Untracked 
| 143|0x000000008b100000, 0x000000008b100000, 0x000000008b200000|  0%| F|  |TAMS 0x000000008b100000, 0x000000008b100000| Untracked 
| 144|0x000000008b200000, 0x000000008b200000, 0x000000008b300000|  0%| F|  |TAMS 0x000000008b200000, 0x000000008b200000| Untracked 
| 145|0x000000008b300000, 0x000000008b300000, 0x000000008b400000|  0%| F|  |TAMS 0x000000008b300000, 0x000000008b300000| Untracked 
| 146|0x000000008b400000, 0x000000008b400000, 0x000000008b500000|  0%| F|  |TAMS 0x000000008b400000, 0x000000008b400000| Untracked 
| 147|0x000000008b500000, 0x000000008b500000, 0x000000008b600000|  0%| F|  |TAMS 0x000000008b500000, 0x000000008b500000| Untracked 
| 148|0x000000008b600000, 0x000000008b600000, 0x000000008b700000|  0%| F|  |TAMS 0x000000008b600000, 0x000000008b600000| Untracked 
| 149|0x000000008b700000, 0x000000008b700000, 0x000000008b800000|  0%| F|  |TAMS 0x000000008b700000, 0x000000008b700000| Untracked 
| 150|0x000000008b800000, 0x000000008b800000, 0x000000008b900000|  0%| F|  |TAMS 0x000000008b800000, 0x000000008b800000| Untracked 
| 151|0x000000008b900000, 0x000000008b900000, 0x000000008ba00000|  0%| F|  |TAMS 0x000000008b900000, 0x000000008b900000| Untracked 
| 152|0x000000008ba00000, 0x000000008ba00000, 0x000000008bb00000|  0%| F|  |TAMS 0x000000008ba00000, 0x000000008ba00000| Untracked 
| 153|0x000000008bb00000, 0x000000008bb00000, 0x000000008bc00000|  0%| F|  |TAMS 0x000000008bb00000, 0x000000008bb00000| Untracked 
| 154|0x000000008bc00000, 0x000000008bc00000, 0x000000008bd00000|  0%| F|  |TAMS 0x000000008bc00000, 0x000000008bc00000| Untracked 
| 155|0x000000008bd00000, 0x000000008bd00000, 0x000000008be00000|  0%| F|  |TAMS 0x000000008bd00000, 0x000000008bd00000| Untracked 
| 156|0x000000008be00000, 0x000000008be00000, 0x000000008bf00000|  0%| F|  |TAMS 0x000000008be00000, 0x000000008be00000| Untracked 
| 157|0x000000008bf00000, 0x000000008bf00000, 0x000000008c000000|  0%| F|  |TAMS 0x000000008bf00000, 0x000000008bf00000| Untracked 
| 158|0x000000008c000000, 0x000000008c000000, 0x000000008c100000|  0%| F|  |TAMS 0x000000008c000000, 0x000000008c000000| Untracked 
| 159|0x000000008c100000, 0x000000008c100000, 0x000000008c200000|  0%| F|  |TAMS 0x000000008c100000, 0x000000008c100000| Untracked 
| 160|0x000000008c200000, 0x000000008c200000, 0x000000008c300000|  0%| F|  |TAMS 0x000000008c200000, 0x000000008c200000| Untracked 
| 161|0x000000008c300000, 0x000000008c300000, 0x000000008c400000|  0%| F|  |TAMS 0x000000008c300000, 0x000000008c300000| Untracked 
| 162|0x000000008c400000, 0x000000008c400000, 0x000000008c500000|  0%| F|  |TAMS 0x000000008c400000, 0x000000008c400000| Untracked 
| 163|0x000000008c500000, 0x000000008c500000, 0x000000008c600000|  0%| F|  |TAMS 0x000000008c500000, 0x000000008c500000| Untracked 
| 164|0x000000008c600000, 0x000000008c600000, 0x000000008c700000|  0%| F|  |TAMS 0x000000008c600000, 0x000000008c600000| Untracked 
| 165|0x000000008c700000, 0x000000008c700000, 0x000000008c800000|  0%| F|  |TAMS 0x000000008c700000, 0x000000008c700000| Untracked 
| 166|0x000000008c800000, 0x000000008c800000, 0x000000008c900000|  0%| F|  |TAMS 0x000000008c800000, 0x000000008c800000| Untracked 
| 167|0x000000008c900000, 0x000000008c900000, 0x000000008ca00000|  0%| F|  |TAMS 0x000000008c900000, 0x000000008c900000| Untracked 
| 168|0x000000008ca00000, 0x000000008ca00000, 0x000000008cb00000|  0%| F|  |TAMS 0x000000008ca00000, 0x000000008ca00000| Untracked 
| 169|0x000000008cb00000, 0x000000008cb00000, 0x000000008cc00000|  0%| F|  |TAMS 0x000000008cb00000, 0x000000008cb00000| Untracked 
| 170|0x000000008cc00000, 0x000000008cc00000, 0x000000008cd00000|  0%| F|  |TAMS 0x000000008cc00000, 0x000000008cc00000| Untracked 
| 171|0x000000008cd00000, 0x000000008cd00000, 0x000000008ce00000|  0%| F|  |TAMS 0x000000008cd00000, 0x000000008cd00000| Untracked 
| 172|0x000000008ce00000, 0x000000008ce00000, 0x000000008cf00000|  0%| F|  |TAMS 0x000000008ce00000, 0x000000008ce00000| Untracked 
| 173|0x000000008cf00000, 0x000000008cf00000, 0x000000008d000000|  0%| F|  |TAMS 0x000000008cf00000, 0x000000008cf00000| Untracked 
| 174|0x000000008d000000, 0x000000008d000000, 0x000000008d100000|  0%| F|  |TAMS 0x000000008d000000, 0x000000008d000000| Untracked 
| 175|0x000000008d100000, 0x000000008d100000, 0x000000008d200000|  0%| F|  |TAMS 0x000000008d100000, 0x000000008d100000| Untracked 
| 176|0x000000008d200000, 0x000000008d200000, 0x000000008d300000|  0%| F|  |TAMS 0x000000008d200000, 0x000000008d200000| Untracked 
| 177|0x000000008d300000, 0x000000008d300000, 0x000000008d400000|  0%| F|  |TAMS 0x000000008d300000, 0x000000008d300000| Untracked 
| 178|0x000000008d400000, 0x000000008d400000, 0x000000008d500000|  0%| F|  |TAMS 0x000000008d400000, 0x000000008d400000| Untracked 
| 179|0x000000008d500000, 0x000000008d500000, 0x000000008d600000|  0%| F|  |TAMS 0x000000008d500000, 0x000000008d500000| Untracked 
| 180|0x000000008d600000, 0x000000008d600000, 0x000000008d700000|  0%| F|  |TAMS 0x000000008d600000, 0x000000008d600000| Untracked 
| 181|0x000000008d700000, 0x000000008d700000, 0x000000008d800000|  0%| F|  |TAMS 0x000000008d700000, 0x000000008d700000| Untracked 
| 182|0x000000008d800000, 0x000000008d800000, 0x000000008d900000|  0%| F|  |TAMS 0x000000008d800000, 0x000000008d800000| Untracked 
| 183|0x000000008d900000, 0x000000008d900000, 0x000000008da00000|  0%| F|  |TAMS 0x000000008d900000, 0x000000008d900000| Untracked 
| 184|0x000000008da00000, 0x000000008da00000, 0x000000008db00000|  0%| F|  |TAMS 0x000000008da00000, 0x000000008da00000| Untracked 
| 185|0x000000008db00000, 0x000000008db00000, 0x000000008dc00000|  0%| F|  |TAMS 0x000000008db00000, 0x000000008db00000| Untracked 
| 186|0x000000008dc00000, 0x000000008dc00000, 0x000000008dd00000|  0%| F|  |TAMS 0x000000008dc00000, 0x000000008dc00000| Untracked 
| 187|0x000000008dd00000, 0x000000008dd00000, 0x000000008de00000|  0%| F|  |TAMS 0x000000008dd00000, 0x000000008dd00000| Untracked 
| 188|0x000000008de00000, 0x000000008de00000, 0x000000008df00000|  0%| F|  |TAMS 0x000000008de00000, 0x000000008de00000| Untracked 
| 189|0x000000008df00000, 0x000000008df00000, 0x000000008e000000|  0%| F|  |TAMS 0x000000008df00000, 0x000000008df00000| Untracked 
| 190|0x000000008e000000, 0x000000008e000000, 0x000000008e100000|  0%| F|  |TAMS 0x000000008e000000, 0x000000008e000000| Untracked 
| 191|0x000000008e100000, 0x000000008e100000, 0x000000008e200000|  0%| F|  |TAMS 0x000000008e100000, 0x000000008e100000| Untracked 
| 192|0x000000008e200000, 0x000000008e200000, 0x000000008e300000|  0%| F|  |TAMS 0x000000008e200000, 0x000000008e200000| Untracked 
| 193|0x000000008e300000, 0x000000008e300000, 0x000000008e400000|  0%| F|  |TAMS 0x000000008e300000, 0x000000008e300000| Untracked 
| 194|0x000000008e400000, 0x000000008e400000, 0x000000008e500000|  0%| F|  |TAMS 0x000000008e400000, 0x000000008e400000| Untracked 
| 195|0x000000008e500000, 0x000000008e500000, 0x000000008e600000|  0%| F|  |TAMS 0x000000008e500000, 0x000000008e500000| Untracked 
| 196|0x000000008e600000, 0x000000008e600000, 0x000000008e700000|  0%| F|  |TAMS 0x000000008e600000, 0x000000008e600000| Untracked 
| 197|0x000000008e700000, 0x000000008e700000, 0x000000008e800000|  0%| F|  |TAMS 0x000000008e700000, 0x000000008e700000| Untracked 
| 198|0x000000008e800000, 0x000000008e800000, 0x000000008e900000|  0%| F|  |TAMS 0x000000008e800000, 0x000000008e800000| Untracked 
| 199|0x000000008e900000, 0x000000008e900000, 0x000000008ea00000|  0%| F|  |TAMS 0x000000008e900000, 0x000000008e900000| Untracked 
| 200|0x000000008ea00000, 0x000000008ea00000, 0x000000008eb00000|  0%| F|  |TAMS 0x000000008ea00000, 0x000000008ea00000| Untracked 
| 201|0x000000008eb00000, 0x000000008eb00000, 0x000000008ec00000|  0%| F|  |TAMS 0x000000008eb00000, 0x000000008eb00000| Untracked 
| 202|0x000000008ec00000, 0x000000008ec00000, 0x000000008ed00000|  0%| F|  |TAMS 0x000000008ec00000, 0x000000008ec00000| Untracked 
| 203|0x000000008ed00000, 0x000000008ed00000, 0x000000008ee00000|  0%| F|  |TAMS 0x000000008ed00000, 0x000000008ed00000| Untracked 
| 204|0x000000008ee00000, 0x000000008ee00000, 0x000000008ef00000|  0%| F|  |TAMS 0x000000008ee00000, 0x000000008ee00000| Untracked 
| 205|0x000000008ef00000, 0x000000008ef00000, 0x000000008f000000|  0%| F|  |TAMS 0x000000008ef00000, 0x000000008ef00000| Untracked 
| 206|0x000000008f000000, 0x000000008f000000, 0x000000008f100000|  0%| F|  |TAMS 0x000000008f000000, 0x000000008f000000| Untracked 
| 207|0x000000008f100000, 0x000000008f100000, 0x000000008f200000|  0%| F|  |TAMS 0x000000008f100000, 0x000000008f100000| Untracked 
| 208|0x000000008f200000, 0x000000008f200000, 0x000000008f300000|  0%| F|  |TAMS 0x000000008f200000, 0x000000008f200000| Untracked 
| 209|0x000000008f300000, 0x000000008f3a2628, 0x000000008f400000| 63%| E|  |TAMS 0x000000008f300000, 0x000000008f300000| Complete 
| 210|0x000000008f400000, 0x000000008f500000, 0x000000008f500000|100%| E|CS|TAMS 0x000000008f400000, 0x000000008f400000| Complete 
| 211|0x000000008f500000, 0x000000008f600000, 0x000000008f600000|100%| E|CS|TAMS 0x000000008f500000, 0x000000008f500000| Complete 
| 212|0x000000008f600000, 0x000000008f700000, 0x000000008f700000|100%| E|CS|TAMS 0x000000008f600000, 0x000000008f600000| Complete 
| 213|0x000000008f700000, 0x000000008f800000, 0x000000008f800000|100%| E|CS|TAMS 0x000000008f700000, 0x000000008f700000| Complete 
| 214|0x000000008f800000, 0x000000008f900000, 0x000000008f900000|100%| E|CS|TAMS 0x000000008f800000, 0x000000008f800000| Complete 
| 215|0x000000008f900000, 0x000000008fa00000, 0x000000008fa00000|100%| E|CS|TAMS 0x000000008f900000, 0x000000008f900000| Complete 
| 216|0x000000008fa00000, 0x000000008fb00000, 0x000000008fb00000|100%| E|CS|TAMS 0x000000008fa00000, 0x000000008fa00000| Complete 
| 217|0x000000008fb00000, 0x000000008fc00000, 0x000000008fc00000|100%| E|CS|TAMS 0x000000008fb00000, 0x000000008fb00000| Complete 
| 218|0x000000008fc00000, 0x000000008fd00000, 0x000000008fd00000|100%| E|CS|TAMS 0x000000008fc00000, 0x000000008fc00000| Complete 
| 219|0x000000008fd00000, 0x000000008fe00000, 0x000000008fe00000|100%| E|CS|TAMS 0x000000008fd00000, 0x000000008fd00000| Complete 

Card table byte_map: [0x000001b9cb960000,0x000001b9cbd50000] _byte_map_base: 0x000001b9cb54f000

Marking Bits (Prev, Next): (CMBitMap*) 0x000001b9b3e774d0, (CMBitMap*) 0x000001b9b3e77498
 Prev Bits: [0x000001b9ce0c0000, 0x000001b9d0038000)
 Next Bits: [0x000001b9cc140000, 0x000001b9ce0b8000)

Polling page: 0x000001b9b1d00000

Metaspace:

Usage:
  Non-class:     71.17 MB capacity,    69.91 MB ( 98%) used,  1017.25 KB (  1%) free+waste,   269.94 KB ( <1%) overhead. 
      Class:     10.45 MB capacity,     9.66 MB ( 92%) used,   688.90 KB (  6%) free+waste,   122.88 KB (  1%) overhead. 
       Both:     81.62 MB capacity,    79.57 MB ( 97%) used,     1.67 MB (  2%) free+waste,   392.81 KB ( <1%) overhead. 

Virtual space:
  Non-class space:       72.00 MB reserved,      71.33 MB (>99%) committed 
      Class space:        1.00 GB reserved,      10.50 MB (  1%) committed 
             Both:        1.07 GB reserved,      81.83 MB (  7%) committed 

Chunk freelists:
   Non-Class:  37.00 KB
       Class:  19.00 KB
        Both:  56.00 KB

MaxMetaspaceSize: 17179869184.00 GB
CompressedClassSpaceSize: 1.00 GB
Initial GC threshold: 20.80 MB
Current GC threshold: 98.26 MB
CDS: off

CodeHeap 'non-profiled nmethods': size=120064Kb used=5642Kb max_used=5642Kb free=114421Kb
 bounds [0x000001b9c4030000, 0x000001b9c45c0000, 0x000001b9cb570000]
CodeHeap 'profiled nmethods': size=120000Kb used=17120Kb max_used=17120Kb free=102879Kb
 bounds [0x000001b9bcb00000, 0x000001b9bdbc0000, 0x000001b9c4030000]
CodeHeap 'non-nmethods': size=5696Kb used=1422Kb max_used=1475Kb free=4273Kb
 bounds [0x000001b9bc570000, 0x000001b9bc7e0000, 0x000001b9bcb00000]
 total_blobs=8676 nmethods=8030 adapters=565
 compilation: enabled
              stopped_count=0, restarted_count=0
 full_count=0

Compilation events (20 events):
Event: 637.209 Thread 0x000001b9d256f800 8244       3       com.zaxxer.hikari.pool.PoolEntry::getState (8 bytes)
Event: 637.210 Thread 0x000001b9d256f800 nmethod 8244 0x000001b9bdbaf490 code [0x000001b9bdbaf660, 0x000001b9bdbaf908]
Event: 637.211 Thread 0x000001b9d256f800 8245       3       java.util.concurrent.atomic.AtomicIntegerFieldUpdater$AtomicIntegerFieldUpdaterImpl::get (17 bytes)
Event: 637.212 Thread 0x000001b9d256f800 nmethod 8245 0x000001b9bdbafa10 code [0x000001b9bdbafbe0, 0x000001b9bdbafe08]
Event: 645.917 Thread 0x000001b9d256f800 8246   !   3       org.apache.catalina.core.ContainerBase::getClusterInternal (38 bytes)
Event: 645.921 Thread 0x000001b9d256f800 nmethod 8246 0x000001b9bdbaff10 code [0x000001b9bdbb0160, 0x000001b9bdbb09d8]
Event: 645.921 Thread 0x000001b9d256f800 8248   !   3       org.apache.catalina.core.ContainerBase::backgroundProcess (168 bytes)
Event: 645.927 Thread 0x000001b9d256f800 nmethod 8248 0x000001b9bdbb0d90 code [0x000001b9bdbb10e0, 0x000001b9bdbb27e8]
Event: 645.927 Thread 0x000001b9d256f800 8247   !   3       org.apache.catalina.core.ContainerBase$ContainerBackgroundProcessor::processChildren (202 bytes)
Event: 645.932 Thread 0x000001b9d256f800 nmethod 8247 0x000001b9bdbb2f90 code [0x000001b9bdbb3360, 0x000001b9bdbb5688]
Event: 650.442 Thread 0x000001b9d256c800 8249       4       java.util.concurrent.locks.ReentrantLock$NonfairSync::tryAcquire (6 bytes)
Event: 650.453 Thread 0x000001b9d256c800 nmethod 8249 0x000001b9c45b2190 code [0x000001b9c45b2320, 0x000001b9c45b24b8]
Event: 655.929 Thread 0x000001b9d256c800 8250       4       java.util.concurrent.locks.AbstractQueuedSynchronizer::doReleaseShared (79 bytes)
Event: 655.933 Thread 0x000001b9d256c800 nmethod 8250 0x000001b9c45b2610 code [0x000001b9c45b27a0, 0x000001b9c45b2838]
Event: 735.980 Thread 0x000001b9d256f800 8251   !   3       org.apache.catalina.core.StandardContext::getLoader (38 bytes)
Event: 735.981 Thread 0x000001b9d256f800 nmethod 8251 0x000001b9bdbb6110 code [0x000001b9bdbb6360, 0x000001b9bdbb6bf8]
Event: 747.304 Thread 0x000001b9d256f800 8252       3       sun.instrument.InstrumentationImpl::transform (73 bytes)
Event: 747.304 Thread 0x000001b9d256f800 nmethod 8252 0x000001b9bdbb6f90 code [0x000001b9bdbb7180, 0x000001b9bdbb7548]
Event: 776.022 Thread 0x000001b9d256f800 8253   !   3       org.apache.catalina.core.ContainerBase::findChildren (42 bytes)
Event: 776.023 Thread 0x000001b9d256f800 nmethod 8253 0x000001b9bdbb7710 code [0x000001b9bdbb7900, 0x000001b9bdbb7f78]

GC Heap History (20 events):
Event: 2.386 GC heap before
{Heap before GC invocations=6 (full 0):
 garbage-first heap   total 155648K, used 60243K [0x0000000082200000, 0x0000000100000000)
  region size 1024K, 54 young (55296K), 3 survivors (3072K)
 Metaspace       used 24929K, capacity 25423K, committed 25648K, reserved 1073152K
  class space    used 2645K, capacity 2864K, committed 2944K, reserved 1048576K
}
Event: 2.392 GC heap after
{Heap after GC invocations=7 (full 0):
 garbage-first heap   total 155648K, used 9739K [0x0000000082200000, 0x0000000100000000)
  region size 1024K, 4 young (4096K), 4 survivors (4096K)
 Metaspace       used 24929K, capacity 25423K, committed 25648K, reserved 1073152K
  class space    used 2645K, capacity 2864K, committed 2944K, reserved 1048576K
}
Event: 3.135 GC heap before
{Heap before GC invocations=7 (full 0):
 garbage-first heap   total 155648K, used 74251K [0x0000000082200000, 0x0000000100000000)
  region size 1024K, 67 young (68608K), 4 survivors (4096K)
 Metaspace       used 28514K, capacity 29174K, committed 29488K, reserved 1075200K
  class space    used 3081K, capacity 3360K, committed 3456K, reserved 1048576K
}
Event: 3.143 GC heap after
{Heap after GC invocations=8 (full 0):
 garbage-first heap   total 155648K, used 11744K [0x0000000082200000, 0x0000000100000000)
  region size 1024K, 6 young (6144K), 6 survivors (6144K)
 Metaspace       used 28514K, capacity 29174K, committed 29488K, reserved 1075200K
  class space    used 3081K, capacity 3360K, committed 3456K, reserved 1048576K
}
Event: 4.163 GC heap before
{Heap before GC invocations=8 (full 0):
 garbage-first heap   total 155648K, used 87520K [0x0000000082200000, 0x0000000100000000)
  region size 1024K, 80 young (81920K), 6 survivors (6144K)
 Metaspace       used 33455K, capacity 34278K, committed 34480K, reserved 1079296K
  class space    used 3729K, capacity 4084K, committed 4096K, reserved 1048576K
}
Event: 4.176 GC heap after
{Heap after GC invocations=9 (full 0):
 garbage-first heap   total 155648K, used 13634K [0x0000000082200000, 0x0000000100000000)
  region size 1024K, 7 young (7168K), 7 survivors (7168K)
 Metaspace       used 33455K, capacity 34278K, committed 34480K, reserved 1079296K
  class space    used 3729K, capacity 4084K, committed 4096K, reserved 1048576K
}
Event: 4.458 GC heap before
{Heap before GC invocations=9 (full 0):
 garbage-first heap   total 155648K, used 33090K [0x0000000082200000, 0x0000000100000000)
  region size 1024K, 27 young (27648K), 7 survivors (7168K)
 Metaspace       used 34955K, capacity 35797K, committed 35920K, reserved 1081344K
  class space    used 3941K, capacity 4270K, committed 4352K, reserved 1048576K
}
Event: 4.472 GC heap after
{Heap after GC invocations=10 (full 0):
 garbage-first heap   total 187392K, used 14179K [0x0000000082200000, 0x0000000100000000)
  region size 1024K, 7 young (7168K), 7 survivors (7168K)
 Metaspace       used 34955K, capacity 35797K, committed 35920K, reserved 1081344K
  class space    used 3941K, capacity 4270K, committed 4352K, reserved 1048576K
}
Event: 6.009 GC heap before
{Heap before GC invocations=11 (full 0):
 garbage-first heap   total 187392K, used 110435K [0x0000000082200000, 0x0000000100000000)
  region size 1024K, 102 young (104448K), 7 survivors (7168K)
 Metaspace       used 43160K, capacity 44279K, committed 44496K, reserved 1089536K
  class space    used 5027K, capacity 5476K, committed 5504K, reserved 1048576K
}
Event: 6.022 GC heap after
{Heap after GC invocations=12 (full 0):
 garbage-first heap   total 187392K, used 17475K [0x0000000082200000, 0x0000000100000000)
  region size 1024K, 10 young (10240K), 10 survivors (10240K)
 Metaspace       used 43160K, capacity 44279K, committed 44496K, reserved 1089536K
  class space    used 5027K, capacity 5476K, committed 5504K, reserved 1048576K
}
Event: 7.421 GC heap before
{Heap before GC invocations=12 (full 0):
 garbage-first heap   total 187392K, used 117827K [0x0000000082200000, 0x0000000100000000)
  region size 1024K, 109 young (111616K), 10 survivors (10240K)
 Metaspace       used 54183K, capacity 55491K, committed 55760K, reserved 1097728K
  class space    used 6498K, capacity 7020K, committed 7040K, reserved 1048576K
}
Event: 7.436 GC heap after
{Heap after GC invocations=13 (full 0):
 garbage-first heap   total 187392K, used 20907K [0x0000000082200000, 0x0000000100000000)
  region size 1024K, 10 young (10240K), 10 survivors (10240K)
 Metaspace       used 54183K, capacity 55491K, committed 55760K, reserved 1097728K
  class space    used 6498K, capacity 7020K, committed 7040K, reserved 1048576K
}
Event: 7.978 GC heap before
{Heap before GC invocations=13 (full 0):
 garbage-first heap   total 187392K, used 68011K [0x0000000082200000, 0x0000000100000000)
  region size 1024K, 57 young (58368K), 10 survivors (10240K)
 Metaspace       used 58709K, capacity 60033K, committed 60240K, reserved 1101824K
  class space    used 7159K, capacity 7658K, committed 7680K, reserved 1048576K
}
Event: 7.992 GC heap after
{Heap after GC invocations=14 (full 0):
 garbage-first heap   total 187392K, used 21991K [0x0000000082200000, 0x0000000100000000)
  region size 1024K, 8 young (8192K), 8 survivors (8192K)
 Metaspace       used 58709K, capacity 60033K, committed 60240K, reserved 1101824K
  class space    used 7159K, capacity 7658K, committed 7680K, reserved 1048576K
}
Event: 9.562 GC heap before
{Heap before GC invocations=15 (full 0):
 garbage-first heap   total 187392K, used 123367K [0x0000000082200000, 0x0000000100000000)
  region size 1024K, 107 young (109568K), 8 survivors (8192K)
 Metaspace       used 66553K, capacity 68197K, committed 68304K, reserved 1110016K
  class space    used 8155K, capacity 8807K, committed 8832K, reserved 1048576K
}
Event: 9.577 GC heap after
{Heap after GC invocations=16 (full 0):
 garbage-first heap   total 225280K, used 25154K [0x0000000082200000, 0x0000000100000000)
  region size 1024K, 8 young (8192K), 8 survivors (8192K)
 Metaspace       used 66553K, capacity 68197K, committed 68304K, reserved 1110016K
  class space    used 8155K, capacity 8807K, committed 8832K, reserved 1048576K
}
Event: 12.330 GC heap before
{Heap before GC invocations=16 (full 0):
 garbage-first heap   total 225280K, used 144962K [0x0000000082200000, 0x0000000100000000)
  region size 1024K, 125 young (128000K), 8 survivors (8192K)
 Metaspace       used 72437K, capacity 74306K, committed 74576K, reserved 1114112K
  class space    used 8910K, capacity 9631K, committed 9728K, reserved 1048576K
}
Event: 12.346 GC heap after
{Heap after GC invocations=17 (full 0):
 garbage-first heap   total 225280K, used 29213K [0x0000000082200000, 0x0000000100000000)
  region size 1024K, 12 young (12288K), 12 survivors (12288K)
 Metaspace       used 72437K, capacity 74306K, committed 74576K, reserved 1114112K
  class space    used 8910K, capacity 9631K, committed 9728K, reserved 1048576K
}
Event: 427.877 GC heap before
{Heap before GC invocations=17 (full 0):
 garbage-first heap   total 225280K, used 152093K [0x0000000082200000, 0x0000000100000000)
  region size 1024K, 132 young (135168K), 12 survivors (12288K)
 Metaspace       used 80960K, capacity 83003K, committed 83280K, reserved 1122304K
  class space    used 9854K, capacity 10641K, committed 10752K, reserved 1048576K
}
Event: 427.911 GC heap after
{Heap after GC invocations=18 (full 0):
 garbage-first heap   total 225280K, used 33781K [0x0000000082200000, 0x0000000100000000)
  region size 1024K, 13 young (13312K), 13 survivors (13312K)
 Metaspace       used 80960K, capacity 83003K, committed 83280K, reserved 1122304K
  class space    used 9854K, capacity 10641K, committed 10752K, reserved 1048576K
}

Deoptimization events (20 events):
Event: 462.208 Thread 0x000001b9da730800 Uncommon trap: trap_request=0xffffff76 fr.pc=0x000001b9c458ad80 relative=0x00000000000027e0
Event: 462.208 Thread 0x000001b9da730800 Uncommon trap: reason=loop_limit_check action=maybe_recompile pc=0x000001b9c458ad80 method=org.thymeleaf.context.WebEngineContext$RequestAttributesVariablesMap.searchNameInIndex(Ljava/lang/String;I)I @ 37 c2
Event: 462.208 Thread 0x000001b9da730800 DEOPT PACKING pc=0x000001b9c458ad80 sp=0x0000001f429fb050
Event: 462.208 Thread 0x000001b9da730800 DEOPT UNPACKING pc=0x000001b9bc5ba1af sp=0x0000001f429fae90 mode 2
Event: 462.208 Thread 0x000001b9da730800 Uncommon trap: trap_request=0xffffffd6 fr.pc=0x000001b9c458f320 relative=0x0000000000000f80
Event: 462.208 Thread 0x000001b9da730800 Uncommon trap: reason=array_check action=maybe_recompile pc=0x000001b9c458f320 method=java.util.TimSort.binarySort([Ljava/lang/Object;IIILjava/util/Comparator;)V @ 193 c2
Event: 462.208 Thread 0x000001b9da730800 DEOPT PACKING pc=0x000001b9c458f320 sp=0x0000001f429fad70
Event: 462.208 Thread 0x000001b9da730800 DEOPT UNPACKING pc=0x000001b9bc5ba1af sp=0x0000001f429fad98 mode 2
Event: 462.209 Thread 0x000001b9da730800 Uncommon trap: trap_request=0xffffffd6 fr.pc=0x000001b9c458f320 relative=0x0000000000000f80
Event: 462.209 Thread 0x000001b9da730800 Uncommon trap: reason=array_check action=maybe_recompile pc=0x000001b9c458f320 method=java.util.TimSort.binarySort([Ljava/lang/Object;IIILjava/util/Comparator;)V @ 193 c2
Event: 462.209 Thread 0x000001b9da730800 DEOPT PACKING pc=0x000001b9c458f320 sp=0x0000001f429fad70
Event: 462.209 Thread 0x000001b9da730800 DEOPT UNPACKING pc=0x000001b9bc5ba1af sp=0x0000001f429fad98 mode 2
Event: 462.345 Thread 0x000001b9da730800 Uncommon trap: trap_request=0xffffffd6 fr.pc=0x000001b9c4599d5c relative=0x0000000000000e3c
Event: 462.345 Thread 0x000001b9da730800 Uncommon trap: reason=array_check action=maybe_recompile pc=0x000001b9c4599d5c method=java.util.TimSort.binarySort([Ljava/lang/Object;IIILjava/util/Comparator;)V @ 215 c2
Event: 462.345 Thread 0x000001b9da730800 DEOPT PACKING pc=0x000001b9c4599d5c sp=0x0000001f429faad0
Event: 462.345 Thread 0x000001b9da730800 DEOPT UNPACKING pc=0x000001b9bc5ba1af sp=0x0000001f429faaf8 mode 2
Event: 462.345 Thread 0x000001b9da730800 Uncommon trap: trap_request=0xffffffd6 fr.pc=0x000001b9c4599d5c relative=0x0000000000000e3c
Event: 462.345 Thread 0x000001b9da730800 Uncommon trap: reason=array_check action=maybe_recompile pc=0x000001b9c4599d5c method=java.util.TimSort.binarySort([Ljava/lang/Object;IIILjava/util/Comparator;)V @ 215 c2
Event: 462.345 Thread 0x000001b9da730800 DEOPT PACKING pc=0x000001b9c4599d5c sp=0x0000001f429faad0
Event: 462.345 Thread 0x000001b9da730800 DEOPT UNPACKING pc=0x000001b9bc5ba1af sp=0x0000001f429faaf8 mode 2

Classes redefined (20 events):
Event: 521.831 Thread 0x000001b9d251d800 redefined class name=com.coderscampus.HotStonePOS.security.SecurityConfiguration, count=1
Event: 521.863 Thread 0x000001b9d251d800 redefined class name=com.coderscampus.HotStonePOS.service.AdminService, count=1
Event: 521.899 Thread 0x000001b9d251d800 redefined class name=com.coderscampus.HotStonePOS.service.AuthorityService, count=1
Event: 521.939 Thread 0x000001b9d251d800 redefined class name=com.coderscampus.HotStonePOS.domain.Pizza, count=1
Event: 521.973 Thread 0x000001b9d251d800 redefined class name=com.coderscampus.HotStonePOS.service.CustomerService, count=1
Event: 522.005 Thread 0x000001b9d251d800 redefined class name=com.coderscampus.HotStonePOS.service.OrderService, count=1
Event: 522.041 Thread 0x000001b9d251d800 redefined class name=com.coderscampus.HotStonePOS.service.ToppingService, count=1
Event: 522.072 Thread 0x000001b9d251d800 redefined class name=com.coderscampus.HotStonePOS.service.empDetailsServiceImpl, count=1
Event: 522.102 Thread 0x000001b9d251d800 redefined class name=com.coderscampus.HotStonePOS.web.AdminController, count=1
Event: 522.134 Thread 0x000001b9d251d800 redefined class name=com.coderscampus.HotStonePOS.web.CustomerController, count=1
Event: 522.164 Thread 0x000001b9d251d800 redefined class name=com.coderscampus.HotStonePOS.web.DashboardController, count=1
Event: 522.195 Thread 0x000001b9d251d800 redefined class name=com.coderscampus.HotStonePOS.web.LoginController, count=1
Event: 522.226 Thread 0x000001b9d251d800 redefined class name=com.coderscampus.HotStonePOS.domain.Order, count=1
Event: 522.256 Thread 0x000001b9d251d800 redefined class name=com.coderscampus.HotStonePOS.service.PizzaService, count=1
Event: 522.286 Thread 0x000001b9d251d800 redefined class name=com.coderscampus.HotStonePOS.web.orderController, count=3
Event: 522.316 Thread 0x000001b9d251d800 redefined class name=com.coderscampus.HotStonePOS.domain.Topping, count=1
Event: 522.347 Thread 0x000001b9d251d800 redefined class name=com.coderscampus.HotStonePOS.repository.PizzaRepository, count=1
Event: 747.379 Thread 0x000001b9d251d800 redefined class name=com.coderscampus.HotStonePOS.web.orderController, count=4
Event: 749.518 Thread 0x000001b9d251d800 redefined class name=com.coderscampus.HotStonePOS.web.orderController, count=5
Event: 784.225 Thread 0x000001b9d251d800 redefined class name=com.coderscampus.HotStonePOS.web.orderController, count=6

Internal exceptions (20 events):
Event: 11.363 Thread 0x000001b9b3e35000 Exception <a 'java/lang/NoSuchMethodError'{0x00000000890d2230}: 'java.lang.Object java.lang.invoke.DirectMethodHandle$Holder.invokeSpecial(java.lang.Object, java.lang.Object, java.lang.Object, int, java.lang.Object, int)'> (0x00000000890d2230) thrown at [./src/hotspot/share/interpreter/linkResolver.cpp, line 773]
Event: 11.365 Thread 0x000001b9b3e35000 Exception <a 'java/lang/NoSuchMethodError'{0x00000000890e28a8}: 'void java.lang.invoke.DirectMethodHandle$Holder.invokeVirtual(java.lang.Object, java.lang.Object)'> (0x00000000890e28a8) thrown at [./src/hotspot/share/interpreter/linkResolver.cpp, line 773]
Event: 36.718 Thread 0x000001b9da736000 Exception <a 'java/lang/NoSuchMethodError'{0x000000008c3af130}: 'java.lang.Object java.lang.invoke.DirectMethodHandle$Holder.invokeStaticInit(java.lang.Object, java.lang.Object, java.lang.Object, java.lang.Object, java.lang.Object, java.lang.Object)'> (0x000000008c3af130) thrown at [./src/hotspot/share/interpreter/linkResolver.cpp, line 773]
Event: 41.986 Thread 0x000001b9da732000 Exception <a 'java/lang/NoSuchMethodError'{0x000000008bc66860}: 'java.lang.Object java.lang.invoke.DirectMethodHandle$Holder.invokeInterface(java.lang.Object, java.lang.Object, java.lang.Object, java.lang.Object)'> (0x000000008bc66860) thrown at [./src/hotspot/share/interpreter/linkResolver.cpp, line 773]
Event: 41.999 Thread 0x000001b9da732000 Implicit null exception at 0x000001b9c405b7f5 to 0x000001b9c405bd64
Event: 42.887 Thread 0x000001b9da732000 Exception <a 'java/lang/ClassNotFoundException'{0x000000008ba93c58}: java/lang/ObjectCustomizer> (0x000000008ba93c58) thrown at [./src/hotspot/share/classfile/systemDictionary.cpp, line 230]
Event: 42.891 Thread 0x000001b9da732000 Exception <a 'java/lang/ClassNotFoundException'{0x000000008baa8fc0}: com/coderscampus/HotStonePOS/domain/PizzaCustomizer> (0x000000008baa8fc0) thrown at [./src/hotspot/share/classfile/systemDictionary.cpp, line 230]
Event: 51.099 Thread 0x000001b9dbdd7800 Exception <a 'java/lang/ClassNotFoundException'{0x000000008a08b170}: java/lang/ObjectCustomizer> (0x000000008a08b170) thrown at [./src/hotspot/share/classfile/systemDictionary.cpp, line 230]
Event: 51.100 Thread 0x000001b9dbdd7800 Exception <a 'java/lang/ClassNotFoundException'{0x000000008a092410}: java/util/AbstractCollectionCustomizer> (0x000000008a092410) thrown at [./src/hotspot/share/classfile/systemDictionary.cpp, line 230]
Event: 51.104 Thread 0x000001b9dbdd7800 Exception <a 'java/lang/ClassNotFoundException'{0x000000008a09f3c8}: java/util/AbstractListCustomizer> (0x000000008a09f3c8) thrown at [./src/hotspot/share/classfile/systemDictionary.cpp, line 230]
Event: 51.106 Thread 0x000001b9dbdd7800 Exception <a 'java/lang/ClassNotFoundException'{0x000000008a0adab8}: java/util/ArrayListCustomizer> (0x000000008a0adab8) thrown at [./src/hotspot/share/classfile/systemDictionary.cpp, line 230]
Event: 51.110 Thread 0x000001b9dbdd7800 Exception <a 'java/lang/ClassNotFoundException'{0x000000008a0cf8f8}: java/util/ListCustomizer> (0x000000008a0cf8f8) thrown at [./src/hotspot/share/classfile/systemDictionary.cpp, line 230]
Event: 51.115 Thread 0x000001b9dbdd7800 Exception <a 'java/lang/ClassNotFoundException'{0x000000008a0f4c00}: java/util/CollectionCustomizer> (0x000000008a0f4c00) thrown at [./src/hotspot/share/classfile/systemDictionary.cpp, line 230]
Event: 51.117 Thread 0x000001b9dbdd7800 Exception <a 'java/lang/ClassNotFoundException'{0x0000000089f05b08}: java/lang/IterableCustomizer> (0x0000000089f05b08) thrown at [./src/hotspot/share/classfile/systemDictionary.cpp, line 230]
Event: 51.120 Thread 0x000001b9dbdd7800 Exception <a 'java/lang/ClassNotFoundException'{0x0000000089f0bfb0}: java/util/RandomAccessCustomizer> (0x0000000089f0bfb0) thrown at [./src/hotspot/share/classfile/systemDictionary.cpp, line 230]
Event: 51.120 Thread 0x000001b9dbdd7800 Exception <a 'java/lang/ClassNotFoundException'{0x0000000089f10a80}: java/util/ListCustomizer> (0x0000000089f10a80) thrown at [./src/hotspot/share/classfile/systemDictionary.cpp, line 230]
Event: 51.122 Thread 0x000001b9dbdd7800 Exception <a 'java/lang/ClassNotFoundException'{0x0000000089f27750}: java/util/CollectionCustomizer> (0x0000000089f27750) thrown at [./src/hotspot/share/classfile/systemDictionary.cpp, line 230]
Event: 51.123 Thread 0x000001b9dbdd7800 Exception <a 'java/lang/ClassNotFoundException'{0x0000000089f32bc8}: java/lang/IterableCustomizer> (0x0000000089f32bc8) thrown at [./src/hotspot/share/classfile/systemDictionary.cpp, line 230]
Event: 51.124 Thread 0x000001b9dbdd7800 Exception <a 'java/lang/ClassNotFoundException'{0x0000000089f38210}: java/util/CollectionCustomizer> (0x0000000089f38210) thrown at [./src/hotspot/share/classfile/systemDictionary.cpp, line 230]
Event: 51.125 Thread 0x000001b9dbdd7800 Exception <a 'java/lang/ClassNotFoundException'{0x0000000089f43908}: java/lang/IterableCustomizer> (0x0000000089f43908) thrown at [./src/hotspot/share/classfile/systemDictionary.cpp, line 230]

Events (20 events):
Event: 784.231 Executing VM operation: RedefineClasses done
Event: 784.245 Executing VM operation: ChangeBreakpoints
Event: 784.248 Executing VM operation: ChangeBreakpoints done
Event: 784.267 Executing VM operation: ChangeBreakpoints
Event: 784.271 Executing VM operation: ChangeBreakpoints done
Event: 784.272 Executing VM operation: ChangeBreakpoints
Event: 784.275 Executing VM operation: ChangeBreakpoints done
Event: 784.277 Executing VM operation: GetFrameCount
Event: 784.277 Executing VM operation: GetFrameCount done
Event: 784.277 Executing VM operation: GetStackTrace
Event: 784.278 Executing VM operation: GetStackTrace done
Event: 784.417 Executing VM operation: GetFrameCount
Event: 784.417 Executing VM operation: GetFrameCount done
Event: 784.417 Executing VM operation: GetOwnedMonitorInfo
Event: 784.418 Executing VM operation: GetOwnedMonitorInfo done
Event: 784.418 Executing VM operation: GetCurrentContendedMonitor
Event: 784.418 Executing VM operation: GetCurrentContendedMonitor done
Event: 784.428 Executing VM operation: GetFrameLocation
Event: 784.428 Executing VM operation: GetFrameLocation done
Event: 784.428 Executing VM operation: GetOrSetLocal


Dynamic libraries:
0x00007ff6c8ae0000 - 0x00007ff6c8aed000 	C:\Program Files\Amazon Corretto\jdk11.0.14_10\bin\javaw.exe
0x00007ff92aff0000 - 0x00007ff92b1e8000 	C:\Windows\SYSTEM32\ntdll.dll
0x00007ff92a1e0000 - 0x00007ff92a29f000 	C:\Windows\System32\KERNEL32.DLL
0x00007ff928970000 - 0x00007ff928c42000 	C:\Windows\System32\KERNELBASE.dll
0x00007ff928c50000 - 0x00007ff928d50000 	C:\Windows\System32\ucrtbase.dll
0x00007ff925140000 - 0x00007ff925157000 	C:\Program Files\Amazon Corretto\jdk11.0.14_10\bin\jli.dll
0x00007ff929f30000 - 0x00007ff92a0cd000 	C:\Windows\System32\USER32.dll
0x00007ff928d50000 - 0x00007ff928d72000 	C:\Windows\System32\win32u.dll
0x00007ff92a0f0000 - 0x00007ff92a11b000 	C:\Windows\System32\GDI32.dll
0x00007ff928ea0000 - 0x00007ff928faf000 	C:\Windows\System32\gdi32full.dll
0x00007ff928d80000 - 0x00007ff928e1d000 	C:\Windows\System32\msvcp_win.dll
0x00007ff923590000 - 0x00007ff9235a9000 	C:\Program Files\Amazon Corretto\jdk11.0.14_10\bin\VCRUNTIME140.dll
0x00007ff917320000 - 0x00007ff9175ba000 	C:\Windows\WinSxS\amd64_microsoft.windows.common-controls_6595b64144ccf1df_6.0.19041.1110_none_60b5254171f9507e\COMCTL32.dll
0x00007ff92a2a0000 - 0x00007ff92a33e000 	C:\Windows\System32\msvcrt.dll
0x00007ff929790000 - 0x00007ff9297c2000 	C:\Windows\System32\IMM32.DLL
0x00007ff919530000 - 0x00007ff9195cb000 	C:\Program Files\Amazon Corretto\jdk11.0.14_10\bin\msvcp140.dll
0x00007ff8f0ab0000 - 0x00007ff8f1633000 	C:\Program Files\Amazon Corretto\jdk11.0.14_10\bin\server\jvm.dll
0x00007ff92a130000 - 0x00007ff92a1de000 	C:\Windows\System32\ADVAPI32.dll
0x00007ff92af10000 - 0x00007ff92afac000 	C:\Windows\System32\sechost.dll
0x00007ff929c40000 - 0x00007ff929d65000 	C:\Windows\System32\RPCRT4.dll
0x00007ff92a120000 - 0x00007ff92a128000 	C:\Windows\System32\PSAPI.DLL
0x00007ff919a80000 - 0x00007ff919a89000 	C:\Windows\SYSTEM32\WSOCK32.dll
0x00007ff92a670000 - 0x00007ff92a6db000 	C:\Windows\System32\WS2_32.dll
0x00007ff917750000 - 0x00007ff917777000 	C:\Windows\SYSTEM32\WINMM.dll
0x00007ff9223b0000 - 0x00007ff9223ba000 	C:\Windows\SYSTEM32\VERSION.dll
0x00007ff926f90000 - 0x00007ff926fa2000 	C:\Windows\SYSTEM32\kernel.appcore.dll
0x00007ff919840000 - 0x00007ff919850000 	C:\Program Files\Amazon Corretto\jdk11.0.14_10\bin\verify.dll
0x00007ff926d30000 - 0x00007ff926f14000 	C:\Windows\SYSTEM32\DBGHELP.DLL
0x00007ff9104a0000 - 0x00007ff9104cc000 	C:\Windows\SYSTEM32\dbgcore.DLL
0x00007ff928fb0000 - 0x00007ff929032000 	C:\Windows\System32\bcryptPrimitives.dll
0x00007ff901e00000 - 0x00007ff901e28000 	C:\Program Files\Amazon Corretto\jdk11.0.14_10\bin\java.dll
0x00007ff9191f0000 - 0x00007ff9191fa000 	C:\Program Files\Amazon Corretto\jdk11.0.14_10\bin\jimage.dll
0x00007ff9233c0000 - 0x00007ff9233f8000 	C:\Program Files\Amazon Corretto\jdk11.0.14_10\bin\jdwp.dll
0x00007ff925bb0000 - 0x00007ff925bbe000 	C:\Program Files\Amazon Corretto\jdk11.0.14_10\bin\instrument.dll
0x00007ff908410000 - 0x00007ff908428000 	C:\Program Files\Amazon Corretto\jdk11.0.14_10\bin\zip.dll
0x00007ff929040000 - 0x00007ff929783000 	C:\Windows\System32\SHELL32.dll
0x00007ff9264c0000 - 0x00007ff926c52000 	C:\Windows\SYSTEM32\windows.storage.dll
0x00007ff92a6e0000 - 0x00007ff92aa34000 	C:\Windows\System32\combase.dll
0x00007ff928150000 - 0x00007ff928180000 	C:\Windows\SYSTEM32\Wldp.dll
0x00007ff9297d0000 - 0x00007ff92987d000 	C:\Windows\System32\SHCORE.dll
0x00007ff92a4f0000 - 0x00007ff92a545000 	C:\Windows\System32\shlwapi.dll
0x00007ff928630000 - 0x00007ff92864f000 	C:\Windows\SYSTEM32\profapi.dll
0x00007ff923580000 - 0x00007ff92358a000 	C:\Program Files\Amazon Corretto\jdk11.0.14_10\bin\dt_socket.dll
0x00007ff927eb0000 - 0x00007ff927f1a000 	C:\Windows\System32\mswsock.dll
0x00007ff927ba0000 - 0x00007ff927c6a000 	C:\Windows\SYSTEM32\DNSAPI.dll
0x00007ff927b50000 - 0x00007ff927b8b000 	C:\Windows\SYSTEM32\IPHLPAPI.DLL
0x00007ff9298e0000 - 0x00007ff9298e8000 	C:\Windows\System32\NSI.dll
0x00007ff916cc0000 - 0x00007ff916d40000 	C:\Windows\System32\fwpuclnt.dll
0x00007ff928e70000 - 0x00007ff928e97000 	C:\Windows\System32\bcrypt.dll
0x00007ff916ca0000 - 0x00007ff916caa000 	C:\Windows\System32\rasadhlp.dll
0x00007ff907b70000 - 0x00007ff907b89000 	C:\Program Files\Amazon Corretto\jdk11.0.14_10\bin\net.dll
0x00007ff9170a0000 - 0x00007ff9171ac000 	C:\Windows\SYSTEM32\WINHTTP.dll
0x00007ff905370000 - 0x00007ff905383000 	C:\Program Files\Amazon Corretto\jdk11.0.14_10\bin\nio.dll
0x00007ff923570000 - 0x00007ff923579000 	C:\Program Files\Amazon Corretto\jdk11.0.14_10\bin\management.dll
0x00007ff923560000 - 0x00007ff92356b000 	C:\Program Files\Amazon Corretto\jdk11.0.14_10\bin\management_ext.dll
0x00007ff90f940000 - 0x00007ff90f957000 	C:\Windows\system32\napinsp.dll
0x00007ff90f920000 - 0x00007ff90f93b000 	C:\Windows\system32\pnrpnsp.dll
0x00007ff90f900000 - 0x00007ff90f915000 	C:\Windows\system32\wshbth.dll
0x00007ff924ed0000 - 0x00007ff924eed000 	C:\Windows\system32\NLAapi.dll
0x00007ff90f8e0000 - 0x00007ff90f8f2000 	C:\Windows\System32\winrnr.dll
0x00007ff9280a0000 - 0x00007ff9280b8000 	C:\Windows\SYSTEM32\CRYPTSP.dll
0x00007ff927760000 - 0x00007ff927794000 	C:\Windows\system32\rsaenh.dll
0x00007ff9285b0000 - 0x00007ff9285de000 	C:\Windows\SYSTEM32\USERENV.dll
0x00007ff9280c0000 - 0x00007ff9280cc000 	C:\Windows\SYSTEM32\CRYPTBASE.dll
0x00007ff920e70000 - 0x00007ff920e87000 	C:\Windows\SYSTEM32\dhcpcsvc6.DLL
0x00007ff921040000 - 0x00007ff92105d000 	C:\Windows\SYSTEM32\dhcpcsvc.DLL
0x00007ff91aa50000 - 0x00007ff91aa75000 	C:\Program Files\Amazon Corretto\jdk11.0.14_10\bin\sunec.dll
0x00007ff9232d0000 - 0x00007ff9232de000 	C:\Program Files\Amazon Corretto\jdk11.0.14_10\bin\sunmscapi.dll
0x00007ff9287a0000 - 0x00007ff9288f6000 	C:\Windows\System32\CRYPT32.dll
0x00007ff9281c0000 - 0x00007ff9281e7000 	C:\Windows\SYSTEM32\ncrypt.dll
0x00007ff928180000 - 0x00007ff9281bb000 	C:\Windows\SYSTEM32\NTASN1.dll

dbghelp: loaded successfully - version: 4.0.5 - missing functions: none
symbol engine: initialized successfully - sym options: 0x614 - pdb path: .;C:\Program Files\Amazon Corretto\jdk11.0.14_10\bin;C:\Windows\SYSTEM32;C:\Windows\WinSxS\amd64_microsoft.windows.common-controls_6595b64144ccf1df_6.0.19041.1110_none_60b5254171f9507e;C:\Program Files\Amazon Corretto\jdk11.0.14_10\bin\server

VM Arguments:
jvm_args: -agentlib:jdwp=transport=dt_socket,suspend=y,address=localhost:55558 -javaagent:C:\Users\minak\eclipse\jee-2022-03\eclipse\configuration\org.eclipse.osgi\422\0\.cp\lib\javaagent-shaded.jar -Dfile.encoding=UTF-8 
java_command: com.coderscampus.HotStonePOS.HotStonePosApplication
java_class_path (initial): D:\projects\HotStonePOS-MinaF\target\classes;C:\Users\minak\.m2\repository\org\springframework\boot\spring-boot-starter-data-jpa\2.7.1\spring-boot-starter-data-jpa-2.7.1.jar;C:\Users\minak\.m2\repository\org\springframework\boot\spring-boot-starter-aop\2.7.1\spring-boot-starter-aop-2.7.1.jar;C:\Users\minak\.m2\repository\org\aspectj\aspectjweaver\1.9.7\aspectjweaver-1.9.7.jar;C:\Users\minak\.m2\repository\org\springframework\boot\spring-boot-starter-jdbc\2.7.1\spring-boot-starter-jdbc-2.7.1.jar;C:\Users\minak\.m2\repository\com\zaxxer\HikariCP\4.0.3\HikariCP-4.0.3.jar;C:\Users\minak\.m2\repository\org\springframework\spring-jdbc\5.3.21\spring-jdbc-5.3.21.jar;C:\Users\minak\.m2\repository\jakarta\transaction\jakarta.transaction-api\1.3.3\jakarta.transaction-api-1.3.3.jar;C:\Users\minak\.m2\repository\jakarta\persistence\jakarta.persistence-api\2.2.3\jakarta.persistence-api-2.2.3.jar;C:\Users\minak\.m2\repository\org\hibernate\hibernate-core\5.6.9.Final\hibernate-core-5.6.9.Final.jar;C:\Users\minak\.m2\repository\org\jboss\logging\jboss-logging\3.4.3.Final\jboss-logging-3.4.3.Final.jar;C:\Users\minak\.m2\repository\net\bytebuddy\byte-buddy\1.12.11\byte-buddy-1.12.11.jar;C:\Users\minak\.m2\repository\antlr\antlr\2.7.7\antlr-2.7.7.jar;C:\Users\minak\.m2\repository\org\jboss\jandex\2.4.2.Final\jandex-2.4.2.Final.jar;C:\Users\minak\.m2\repository\com\fasterxml\classmate\1.5.1\classmate-1.5.1.jar;C:\Users\minak\.m2\repository\org\hibernate\common\hibernate-commons-annotations\5.1.2.Final\hibernate-commons-annotations-5.1.2.Final.jar;C:\Users\minak\.m2\repository\org\glassfish\jaxb\jaxb-runtime\2.3.6\jaxb-runtime-2.3.6.jar;C:\Users\minak\.m2\repository\org\glassfish\jaxb\txw2\2.3.6\txw2-2.3.6.jar;C:\Users\minak\.m2\repository\com\sun\istack\istack-commons-runtime\3.0.12\istack-commons-runtime-3.0.12.jar;C:\Users\minak\.m2\repository\com\sun\activation\jakarta.activation\1.2.2\jakarta.activation-1.2.2.jar;C:\Users\minak\.m2\repository\org\springf
Launcher Type: SUN_STANDARD

[Global flags]
     intx CICompilerCount                          = 3                                         {product} {ergonomic}
     uint ConcGCThreads                            = 1                                         {product} {ergonomic}
     uint G1ConcRefinementThreads                  = 4                                         {product} {ergonomic}
   size_t G1HeapRegionSize                         = 1048576                                   {product} {ergonomic}
    uintx GCDrainStackTargetSize                   = 64                                        {product} {ergonomic}
   size_t InitialHeapSize                          = 132120576                                 {product} {ergonomic}
   size_t MarkStackSize                            = 4194304                                   {product} {ergonomic}
   size_t MaxHeapSize                              = 2111832064                                {product} {ergonomic}
   size_t MaxNewSize                               = 1266679808                                {product} {ergonomic}
   size_t MinHeapDeltaBytes                        = 1048576                                   {product} {ergonomic}
    uintx NonNMethodCodeHeapSize                   = 5830732                                {pd product} {ergonomic}
    uintx NonProfiledCodeHeapSize                  = 122913754                              {pd product} {ergonomic}
    uintx ProfiledCodeHeapSize                     = 122913754                              {pd product} {ergonomic}
    uintx ReservedCodeCacheSize                    = 251658240                              {pd product} {ergonomic}
     bool SegmentedCodeCache                       = true                                      {product} {ergonomic}
     bool UseCompressedClassPointers               = true                                 {lp64_product} {ergonomic}
     bool UseCompressedOops                        = true                                 {lp64_product} {ergonomic}
     bool UseG1GC                                  = true                                      {product} {ergonomic}
     bool UseLargePagesIndividualAllocation        = false                                  {pd product} {ergonomic}

Logging:
Log output configuration:
 #0: stdout all=warning uptime,level,tags
 #1: stderr all=off uptime,level,tags

Environment Variables:
JAVA_HOME=C:\Program Files\Amazon Corretto\jdk11.0.14_10
PATH=C:/Program Files/Amazon Corretto/jdk11.0.14_10/bin/server;C:/Program Files/Amazon Corretto/jdk11.0.14_10/bin;C:\Program Files\Amazon Corretto\jdk11.0.14_10\bin;C:\Windows\system32;C:\Windows;C:\Windows\System32\Wbem;C:\Windows\System32\WindowsPowerShell\v1.0\;C:\Windows\System32\OpenSSH\;C:\Program Files\Git\cmd;C:\Program Files\dotnet\;C:\Program Files (x86)\Intel\Intel(R) Management Engine Components\DAL;C:\Program Files\Intel\Intel(R) Management Engine Components\DAL;C:\Users\minak\AppData\Local\Microsoft\WindowsApps;;C:\Users\minak\eclipse\jee-2022-03\eclipse;
USERNAME=Mina K. Fahmy
OS=Windows_NT
PROCESSOR_IDENTIFIER=Intel64 Family 6 Model 78 Stepping 3, GenuineIntel



---------------  S Y S T E M  ---------------

OS: Windows 10 , 64 bit Build 19041 (10.0.19041.2251)
OS uptime: 32 days 7:59 hours

CPU:total 4 (initial active 4) (2 cores per cpu, 2 threads per core) family 6 model 78 stepping 3 microcode 0xdc, cmov, cx8, fxsr, mmx, sse, sse2, sse3, ssse3, sse4.1, sse4.2, popcnt, avx, avx2, aes, clmul, erms, 3dnowpref, lzcnt, ht, tsc, tscinvbit, bmi1, bmi2, adx, fma

Memory: 4k page, system-wide physical 8049M (1764M free)
TotalPageFile size 10865M (AvailPageFile size 2507M)
current process WorkingSet (physical memory assigned to process): 349M, peak: 401M
current process commit charge ("private bytes"): 434M, peak: 480M

vm_info: OpenJDK 64-Bit Server VM (11.0.14.1+10-LTS) for windows-amd64 JRE (11.0.14.1+10-LTS), built on Feb  8 2022 00:13:20 by "Administrator" with unknown MS VC++:1916

END.
